2019-02-14T09:37:11+00:00 CRITICAL Maximum execution time of 30 seconds exceeded in C:\xampp\htdocs\wordpress\wp-includes\Requests\Transport\cURL.php on line 441

2019-02-14T11:46:21+00:00 CRITICAL require(): Failed opening required 'C:\xampp\htdocs\wordpress/wp-content/themes/woocomerceTheme/woocommerce/includes/wc-functions-cart.php' (include_path='C:\xampp\php\PEAR') in C:\xampp\htdocs\wordpress\wp-content\themes\woocomerceTheme\functions.php on line 182

2019-02-14T11:46:22+00:00 CRITICAL require(): Failed opening required 'C:\xampp\htdocs\wordpress/wp-content/themes/woocomerceTheme/woocommerce/includes/wc-functions-cart.php' (include_path='C:\xampp\php\PEAR') in C:\xampp\htdocs\wordpress\wp-content\themes\woocomerceTheme\functions.php on line 182

2019-02-14T11:46:59+00:00 CRITICAL require(): Failed opening required 'C:\xampp\htdocs\wordpress/wp-content/themes/woocomerceTheme/woocommerce/includes/wc-functions-archive.php' (include_path='C:\xampp\php\PEAR') in C:\xampp\htdocs\wordpress\wp-content\themes\woocomerceTheme\functions.php on line 183

2019-02-14T16:49:38+00:00 CRITICAL Maximum execution time of 30 seconds exceeded in C:\xampp\htdocs\wordpress\wp-content\themes\Lesson_09.3\woocommerce\includes\wc-functions-remove.php on line 2

2019-02-14T17:50:26+00:00 CRITICAL syntax error, unexpected '}', expecting end of file in C:\xampp\htdocs\wordpress\wp-content\themes\woocomerceTheme\functions.php on line 189

2019-02-14T17:52:27+00:00 CRITICAL syntax error, unexpected '}', expecting end of file in C:\xampp\htdocs\wordpress\wp-content\themes\woocomerceTheme\functions.php on line 188

2019-02-14T17:52:46+00:00 CRITICAL syntax error, unexpected '}', expecting end of file in C:\xampp\htdocs\wordpress\wp-content\themes\woocomerceTheme\functions.php on line 188

2019-02-14T17:52:48+00:00 CRITICAL syntax error, unexpected '}', expecting end of file in C:\xampp\htdocs\wordpress\wp-content\themes\woocomerceTheme\functions.php on line 188

2019-02-14T17:53:00+00:00 CRITICAL require(): Failed opening required 'C:\xampp\htdocs\wordpress/wp-content/themes/woocomerceTheme/woocommerce/includes/wc-functions.php' (include_path='C:\xampp\php\PEAR') in C:\xampp\htdocs\wordpress\wp-content\themes\woocomerceTheme\functions.php on line 181

2019-02-14T17:53:04+00:00 CRITICAL require(): Failed opening required 'C:\xampp\htdocs\wordpress/wp-content/themes/woocomerceTheme/woocommerce/includes/wc-functions.php' (include_path='C:\xampp\php\PEAR') in C:\xampp\htdocs\wordpress\wp-content\themes\woocomerceTheme\functions.php on line 181

2019-02-14T17:53:31+00:00 CRITICAL Cannot redeclare estore_wrapper_product_start() (previously declared in C:\xampp\htdocs\wordpress\wp-content\themes\woocomerceTheme\woocommerce\includes\wc-function.php:47) in C:\xampp\htdocs\wordpress\wp-content\themes\woocomerceTheme\woocommerce\includes\wc-functions-single.php on line 16

2019-02-14T17:54:03+00:00 CRITICAL require(): Failed opening required 'C:\xampp\htdocs\wordpress/wp-content/themes/woocomerceTheme/woocommerce/includes/wc-functions-checkout.php' (include_path='C:\xampp\php\PEAR') in C:\xampp\htdocs\wordpress\wp-content\themes\woocomerceTheme\functions.php on line 184

2019-02-14T17:54:30+00:00 CRITICAL require(): Failed opening required 'C:\xampp\htdocs\wordpress/wp-content/themes/woocomerceTheme/woocommerce/includes/wc-functions-checkout.php' (include_path='C:\xampp\php\PEAR') in C:\xampp\htdocs\wordpress\wp-content\themes\woocomerceTheme\functions.php on line 184

2019-02-14T18:01:54+00:00 CRITICAL Cannot redeclare estore_wrapper_product_start() (previously declared in C:\xampp\htdocs\wordpress\wp-content\themes\woocomerceTheme\woocommerce\includes\wc-function.php:47) in C:\xampp\htdocs\wordpress\wp-content\themes\woocomerceTheme\woocommerce\includes\wc-functions-single.php on line 16

2019-02-14T18:02:17+00:00 CRITICAL Cannot redeclare estore_wrapper_product_start() (previously declared in C:\xampp\htdocs\wordpress\wp-content\themes\woocomerceTheme\woocommerce\includes\wc-function.php:47) in C:\xampp\htdocs\wordpress\wp-content\themes\woocomerceTheme\woocommerce\includes\wc-functions-single.php on line 16

2019-02-14T18:18:49+00:00 CRITICAL syntax error, unexpected 'endif' (T_ENDIF) in C:\xampp\htdocs\wordpress\wp-content\themes\woocomerceTheme\no-sidebar.php on line 35

2019-02-14T18:18:59+00:00 CRITICAL syntax error, unexpected 'endif' (T_ENDIF) in C:\xampp\htdocs\wordpress\wp-content\themes\woocomerceTheme\no-sidebar.php on line 35

2019-02-14T18:19:10+00:00 CRITICAL syntax error, unexpected end of file in C:\xampp\htdocs\wordpress\wp-content\themes\woocomerceTheme\no-sidebar.php on line 44

2019-02-14T18:20:01+00:00 CRITICAL syntax error, unexpected end of file in C:\xampp\htdocs\wordpress\wp-content\themes\woocomerceTheme\no-sidebar.php on line 44

2019-02-14T18:20:08+00:00 CRITICAL syntax error, unexpected 'endif' (T_ENDIF) in C:\xampp\htdocs\wordpress\wp-content\themes\woocomerceTheme\no-sidebar.php on line 35

2019-02-14T18:54:47+00:00 CRITICAL syntax error, unexpected '<', expecting end of file in C:\xampp\htdocs\wordpress\wp-content\themes\woocomerceTheme\woocommerce\includes\wc-function.php on line 110

2019-02-14T18:54:56+00:00 CRITICAL syntax error, unexpected '<', expecting end of file in C:\xampp\htdocs\wordpress\wp-content\themes\woocomerceTheme\woocommerce\includes\wc-function.php on line 110

