2019-02-16T06:14:20+00:00 CRITICAL Maximum execution time of 30 seconds exceeded in C:\xampp\htdocs\wordpress\wp-includes\http.php on line 543

2019-02-16T09:24:23+00:00 CRITICAL require(): Failed opening required 'C:\xampp\htdocs\wordpress/wp-content/themes/woocomerceTheme/includes/theme-settings.php' (include_path='C:\xampp\php\PEAR') in C:\xampp\htdocs\wordpress\wp-content\themes\Lesson_09.3\functions.php on line 21

2019-02-16T13:00:04+00:00 CRITICAL Uncaught Error: Call to a member function set_icon() on null in C:\xampp\htdocs\wordpress\wp-content\themes\Woocommerce\includes\custom-fields-options\theme-optons.php:10
Stack trace:
#0 C:\xampp\htdocs\wordpress\wp-content\themes\Woocommerce\functions.php(15): require()
#1 C:\xampp\htdocs\wordpress\wp-includes\class-wp-hook.php(286): estore_register_custom_fields('')
#2 C:\xampp\htdocs\wordpress\wp-includes\class-wp-hook.php(310): WP_Hook->apply_filters('', Array)
#3 C:\xampp\htdocs\wordpress\wp-includes\plugin.php(453): WP_Hook->do_action(Array)
#4 C:\xampp\htdocs\wordpress\wp-content\themes\Woocommerce\includes\carbon-fields\vendor\htmlburger\carbon-fields\core\Loader\Loader.php(80): do_action('carbon_fields_r...')
#5 C:\xampp\htdocs\wordpress\wp-includes\class-wp-hook.php(286): Carbon_Fields\Loader\Loader->trigger_fields_register('')
#6 C:\xampp\htdocs\wordpress\wp-includes\class-wp-hook.php(310): WP_Hook->apply_filters(NULL, Array)
#7 C:\xampp\htdocs\wordpress\wp-includes\plugin.php(453): WP_Hook->do_act in C:\xampp\htdocs\wordpress\wp-content\themes\Woocommerce\includes\custom-fields-options\theme-optons.php on line 10

2019-02-16T13:00:05+00:00 CRITICAL Uncaught Error: Call to a member function set_icon() on null in C:\xampp\htdocs\wordpress\wp-content\themes\Woocommerce\includes\custom-fields-options\theme-optons.php:10
Stack trace:
#0 C:\xampp\htdocs\wordpress\wp-content\themes\Woocommerce\functions.php(15): require()
#1 C:\xampp\htdocs\wordpress\wp-includes\class-wp-hook.php(286): estore_register_custom_fields('')
#2 C:\xampp\htdocs\wordpress\wp-includes\class-wp-hook.php(310): WP_Hook->apply_filters('', Array)
#3 C:\xampp\htdocs\wordpress\wp-includes\plugin.php(453): WP_Hook->do_action(Array)
#4 C:\xampp\htdocs\wordpress\wp-content\themes\Woocommerce\includes\carbon-fields\vendor\htmlburger\carbon-fields\core\Loader\Loader.php(80): do_action('carbon_fields_r...')
#5 C:\xampp\htdocs\wordpress\wp-includes\class-wp-hook.php(286): Carbon_Fields\Loader\Loader->trigger_fields_register('')
#6 C:\xampp\htdocs\wordpress\wp-includes\class-wp-hook.php(310): WP_Hook->apply_filters(NULL, Array)
#7 C:\xampp\htdocs\wordpress\wp-includes\plugin.php(453): WP_Hook->do_act in C:\xampp\htdocs\wordpress\wp-content\themes\Woocommerce\includes\custom-fields-options\theme-optons.php on line 10

2019-02-16T13:01:30+00:00 CRITICAL Uncaught Error: Call to a member function set_icon() on null in C:\xampp\htdocs\wordpress\wp-content\themes\Woocommerce\includes\custom-fields-options\theme-optons.php:10
Stack trace:
#0 C:\xampp\htdocs\wordpress\wp-content\themes\Woocommerce\functions.php(15): require()
#1 C:\xampp\htdocs\wordpress\wp-includes\class-wp-hook.php(286): estore_register_custom_fields('')
#2 C:\xampp\htdocs\wordpress\wp-includes\class-wp-hook.php(310): WP_Hook->apply_filters('', Array)
#3 C:\xampp\htdocs\wordpress\wp-includes\plugin.php(453): WP_Hook->do_action(Array)
#4 C:\xampp\htdocs\wordpress\wp-content\themes\Woocommerce\includes\carbon-fields\vendor\htmlburger\carbon-fields\core\Loader\Loader.php(80): do_action('carbon_fields_r...')
#5 C:\xampp\htdocs\wordpress\wp-includes\class-wp-hook.php(286): Carbon_Fields\Loader\Loader->trigger_fields_register('')
#6 C:\xampp\htdocs\wordpress\wp-includes\class-wp-hook.php(310): WP_Hook->apply_filters(NULL, Array)
#7 C:\xampp\htdocs\wordpress\wp-includes\plugin.php(453): WP_Hook->do_act in C:\xampp\htdocs\wordpress\wp-content\themes\Woocommerce\includes\custom-fields-options\theme-optons.php on line 10

2019-02-16T13:01:45+00:00 CRITICAL Uncaught Error: Call to a member function set_icon() on null in C:\xampp\htdocs\wordpress\wp-content\themes\Woocommerce\includes\custom-fields-options\theme-optons.php:10
Stack trace:
#0 C:\xampp\htdocs\wordpress\wp-content\themes\Woocommerce\functions.php(15): require()
#1 C:\xampp\htdocs\wordpress\wp-includes\class-wp-hook.php(286): estore_register_custom_fields('')
#2 C:\xampp\htdocs\wordpress\wp-includes\class-wp-hook.php(310): WP_Hook->apply_filters('', Array)
#3 C:\xampp\htdocs\wordpress\wp-includes\plugin.php(453): WP_Hook->do_action(Array)
#4 C:\xampp\htdocs\wordpress\wp-content\themes\Woocommerce\includes\carbon-fields\vendor\htmlburger\carbon-fields\core\Loader\Loader.php(80): do_action('carbon_fields_r...')
#5 C:\xampp\htdocs\wordpress\wp-includes\class-wp-hook.php(286): Carbon_Fields\Loader\Loader->trigger_fields_register('')
#6 C:\xampp\htdocs\wordpress\wp-includes\class-wp-hook.php(310): WP_Hook->apply_filters(NULL, Array)
#7 C:\xampp\htdocs\wordpress\wp-includes\plugin.php(453): WP_Hook->do_act in C:\xampp\htdocs\wordpress\wp-content\themes\Woocommerce\includes\custom-fields-options\theme-optons.php on line 10

2019-02-16T13:01:46+00:00 CRITICAL Uncaught Error: Call to a member function set_icon() on null in C:\xampp\htdocs\wordpress\wp-content\themes\Woocommerce\includes\custom-fields-options\theme-optons.php:10
Stack trace:
#0 C:\xampp\htdocs\wordpress\wp-content\themes\Woocommerce\functions.php(15): require()
#1 C:\xampp\htdocs\wordpress\wp-includes\class-wp-hook.php(286): estore_register_custom_fields('')
#2 C:\xampp\htdocs\wordpress\wp-includes\class-wp-hook.php(310): WP_Hook->apply_filters('', Array)
#3 C:\xampp\htdocs\wordpress\wp-includes\plugin.php(453): WP_Hook->do_action(Array)
#4 C:\xampp\htdocs\wordpress\wp-content\themes\Woocommerce\includes\carbon-fields\vendor\htmlburger\carbon-fields\core\Loader\Loader.php(80): do_action('carbon_fields_r...')
#5 C:\xampp\htdocs\wordpress\wp-includes\class-wp-hook.php(286): Carbon_Fields\Loader\Loader->trigger_fields_register('')
#6 C:\xampp\htdocs\wordpress\wp-includes\class-wp-hook.php(310): WP_Hook->apply_filters(NULL, Array)
#7 C:\xampp\htdocs\wordpress\wp-includes\plugin.php(453): WP_Hook->do_act in C:\xampp\htdocs\wordpress\wp-content\themes\Woocommerce\includes\custom-fields-options\theme-optons.php on line 10

2019-02-16T13:05:29+00:00 CRITICAL Uncaught Error: Call to a member function set_icon() on null in C:\xampp\htdocs\wordpress\wp-content\themes\Woocommerce\includes\custom-fields-options\theme-optons.php:10
Stack trace:
#0 C:\xampp\htdocs\wordpress\wp-content\themes\Woocommerce\functions.php(15): require()
#1 C:\xampp\htdocs\wordpress\wp-includes\class-wp-hook.php(286): estore_register_custom_fields('')
#2 C:\xampp\htdocs\wordpress\wp-includes\class-wp-hook.php(310): WP_Hook->apply_filters('', Array)
#3 C:\xampp\htdocs\wordpress\wp-includes\plugin.php(453): WP_Hook->do_action(Array)
#4 C:\xampp\htdocs\wordpress\wp-content\themes\Woocommerce\includes\carbon-fields\vendor\htmlburger\carbon-fields\core\Loader\Loader.php(80): do_action('carbon_fields_r...')
#5 C:\xampp\htdocs\wordpress\wp-includes\class-wp-hook.php(286): Carbon_Fields\Loader\Loader->trigger_fields_register('')
#6 C:\xampp\htdocs\wordpress\wp-includes\class-wp-hook.php(310): WP_Hook->apply_filters(NULL, Array)
#7 C:\xampp\htdocs\wordpress\wp-includes\plugin.php(453): WP_Hook->do_act in C:\xampp\htdocs\wordpress\wp-content\themes\Woocommerce\includes\custom-fields-options\theme-optons.php on line 10

2019-02-16T13:06:34+00:00 CRITICAL Uncaught Error: Call to a member function set_icon() on null in C:\xampp\htdocs\wordpress\wp-content\themes\Woocommerce\includes\custom-fields-options\theme-optons.php:10
Stack trace:
#0 C:\xampp\htdocs\wordpress\wp-content\themes\Woocommerce\functions.php(15): require()
#1 C:\xampp\htdocs\wordpress\wp-includes\class-wp-hook.php(286): estore_register_custom_fields('')
#2 C:\xampp\htdocs\wordpress\wp-includes\class-wp-hook.php(310): WP_Hook->apply_filters('', Array)
#3 C:\xampp\htdocs\wordpress\wp-includes\plugin.php(453): WP_Hook->do_action(Array)
#4 C:\xampp\htdocs\wordpress\wp-content\themes\Woocommerce\includes\carbon-fields\vendor\htmlburger\carbon-fields\core\Loader\Loader.php(80): do_action('carbon_fields_r...')
#5 C:\xampp\htdocs\wordpress\wp-includes\class-wp-hook.php(286): Carbon_Fields\Loader\Loader->trigger_fields_register('')
#6 C:\xampp\htdocs\wordpress\wp-includes\class-wp-hook.php(310): WP_Hook->apply_filters(NULL, Array)
#7 C:\xampp\htdocs\wordpress\wp-includes\plugin.php(453): WP_Hook->do_act in C:\xampp\htdocs\wordpress\wp-content\themes\Woocommerce\includes\custom-fields-options\theme-optons.php on line 10

2019-02-16T13:06:54+00:00 CRITICAL Uncaught Error: Call to a member function set_icon() on null in C:\xampp\htdocs\wordpress\wp-content\themes\Woocommerce\includes\custom-fields-options\theme-optons.php:10
Stack trace:
#0 C:\xampp\htdocs\wordpress\wp-content\themes\Woocommerce\functions.php(15): require()
#1 C:\xampp\htdocs\wordpress\wp-includes\class-wp-hook.php(286): estore_register_custom_fields('')
#2 C:\xampp\htdocs\wordpress\wp-includes\class-wp-hook.php(310): WP_Hook->apply_filters('', Array)
#3 C:\xampp\htdocs\wordpress\wp-includes\plugin.php(453): WP_Hook->do_action(Array)
#4 C:\xampp\htdocs\wordpress\wp-content\themes\Woocommerce\includes\carbon-fields\vendor\htmlburger\carbon-fields\core\Loader\Loader.php(80): do_action('carbon_fields_r...')
#5 C:\xampp\htdocs\wordpress\wp-includes\class-wp-hook.php(286): Carbon_Fields\Loader\Loader->trigger_fields_register('')
#6 C:\xampp\htdocs\wordpress\wp-includes\class-wp-hook.php(310): WP_Hook->apply_filters(NULL, Array)
#7 C:\xampp\htdocs\wordpress\wp-includes\plugin.php(453): WP_Hook->do_act in C:\xampp\htdocs\wordpress\wp-content\themes\Woocommerce\includes\custom-fields-options\theme-optons.php on line 10

2019-02-16T13:07:06+00:00 CRITICAL Uncaught Error: Call to a member function set_icon() on null in C:\xampp\htdocs\wordpress\wp-content\themes\Woocommerce\includes\custom-fields-options\theme-optons.php:10
Stack trace:
#0 C:\xampp\htdocs\wordpress\wp-content\themes\Woocommerce\functions.php(15): require()
#1 C:\xampp\htdocs\wordpress\wp-includes\class-wp-hook.php(286): estore_register_custom_fields('')
#2 C:\xampp\htdocs\wordpress\wp-includes\class-wp-hook.php(310): WP_Hook->apply_filters('', Array)
#3 C:\xampp\htdocs\wordpress\wp-includes\plugin.php(453): WP_Hook->do_action(Array)
#4 C:\xampp\htdocs\wordpress\wp-content\themes\Woocommerce\includes\carbon-fields\vendor\htmlburger\carbon-fields\core\Loader\Loader.php(80): do_action('carbon_fields_r...')
#5 C:\xampp\htdocs\wordpress\wp-includes\class-wp-hook.php(286): Carbon_Fields\Loader\Loader->trigger_fields_register('')
#6 C:\xampp\htdocs\wordpress\wp-includes\class-wp-hook.php(310): WP_Hook->apply_filters(NULL, Array)
#7 C:\xampp\htdocs\wordpress\wp-includes\plugin.php(453): WP_Hook->do_act in C:\xampp\htdocs\wordpress\wp-content\themes\Woocommerce\includes\custom-fields-options\theme-optons.php on line 10

2019-02-16T13:07:22+00:00 CRITICAL Uncaught Error: Call to a member function set_icon() on null in C:\xampp\htdocs\wordpress\wp-content\themes\Woocommerce\includes\custom-fields-options\theme-optons.php:10
Stack trace:
#0 C:\xampp\htdocs\wordpress\wp-content\themes\Woocommerce\functions.php(15): require()
#1 C:\xampp\htdocs\wordpress\wp-includes\class-wp-hook.php(286): estore_register_custom_fields('')
#2 C:\xampp\htdocs\wordpress\wp-includes\class-wp-hook.php(310): WP_Hook->apply_filters('', Array)
#3 C:\xampp\htdocs\wordpress\wp-includes\plugin.php(453): WP_Hook->do_action(Array)
#4 C:\xampp\htdocs\wordpress\wp-content\themes\Woocommerce\includes\carbon-fields\vendor\htmlburger\carbon-fields\core\Loader\Loader.php(80): do_action('carbon_fields_r...')
#5 C:\xampp\htdocs\wordpress\wp-includes\class-wp-hook.php(286): Carbon_Fields\Loader\Loader->trigger_fields_register('')
#6 C:\xampp\htdocs\wordpress\wp-includes\class-wp-hook.php(310): WP_Hook->apply_filters(NULL, Array)
#7 C:\xampp\htdocs\wordpress\wp-includes\plugin.php(453): WP_Hook->do_act in C:\xampp\htdocs\wordpress\wp-content\themes\Woocommerce\includes\custom-fields-options\theme-optons.php on line 10

2019-02-16T13:08:46+00:00 CRITICAL Uncaught Error: Call to a member function set_icon() on null in C:\xampp\htdocs\wordpress\wp-content\themes\Woocommerce\includes\custom-fields-options\theme-optons.php:10
Stack trace:
#0 C:\xampp\htdocs\wordpress\wp-content\themes\Woocommerce\functions.php(15): require()
#1 C:\xampp\htdocs\wordpress\wp-includes\class-wp-hook.php(286): estore_register_custom_fields('')
#2 C:\xampp\htdocs\wordpress\wp-includes\class-wp-hook.php(310): WP_Hook->apply_filters('', Array)
#3 C:\xampp\htdocs\wordpress\wp-includes\plugin.php(453): WP_Hook->do_action(Array)
#4 C:\xampp\htdocs\wordpress\wp-content\themes\Woocommerce\includes\carbon-fields\vendor\htmlburger\carbon-fields\core\Loader\Loader.php(80): do_action('carbon_fields_r...')
#5 C:\xampp\htdocs\wordpress\wp-includes\class-wp-hook.php(286): Carbon_Fields\Loader\Loader->trigger_fields_register('')
#6 C:\xampp\htdocs\wordpress\wp-includes\class-wp-hook.php(310): WP_Hook->apply_filters(NULL, Array)
#7 C:\xampp\htdocs\wordpress\wp-includes\plugin.php(453): WP_Hook->do_act in C:\xampp\htdocs\wordpress\wp-content\themes\Woocommerce\includes\custom-fields-options\theme-optons.php on line 10

2019-02-16T13:08:54+00:00 CRITICAL Uncaught Error: Call to a member function set_icon() on null in C:\xampp\htdocs\wordpress\wp-content\themes\Woocommerce\includes\custom-fields-options\theme-optons.php:10
Stack trace:
#0 C:\xampp\htdocs\wordpress\wp-content\themes\Woocommerce\functions.php(15): require()
#1 C:\xampp\htdocs\wordpress\wp-includes\class-wp-hook.php(286): estore_register_custom_fields('')
#2 C:\xampp\htdocs\wordpress\wp-includes\class-wp-hook.php(310): WP_Hook->apply_filters('', Array)
#3 C:\xampp\htdocs\wordpress\wp-includes\plugin.php(453): WP_Hook->do_action(Array)
#4 C:\xampp\htdocs\wordpress\wp-content\themes\Woocommerce\includes\carbon-fields\vendor\htmlburger\carbon-fields\core\Loader\Loader.php(80): do_action('carbon_fields_r...')
#5 C:\xampp\htdocs\wordpress\wp-includes\class-wp-hook.php(286): Carbon_Fields\Loader\Loader->trigger_fields_register('')
#6 C:\xampp\htdocs\wordpress\wp-includes\class-wp-hook.php(310): WP_Hook->apply_filters(NULL, Array)
#7 C:\xampp\htdocs\wordpress\wp-includes\plugin.php(453): WP_Hook->do_act in C:\xampp\htdocs\wordpress\wp-content\themes\Woocommerce\includes\custom-fields-options\theme-optons.php on line 10

2019-02-16T13:09:53+00:00 CRITICAL Uncaught Error: Call to a member function set_icon() on null in C:\xampp\htdocs\wordpress\wp-content\themes\Woocommerce\includes\custom-fields-options\theme-optons.php:10
Stack trace:
#0 C:\xampp\htdocs\wordpress\wp-content\themes\Woocommerce\functions.php(15): require()
#1 C:\xampp\htdocs\wordpress\wp-includes\class-wp-hook.php(286): estore_register_custom_fields('')
#2 C:\xampp\htdocs\wordpress\wp-includes\class-wp-hook.php(310): WP_Hook->apply_filters('', Array)
#3 C:\xampp\htdocs\wordpress\wp-includes\plugin.php(453): WP_Hook->do_action(Array)
#4 C:\xampp\htdocs\wordpress\wp-content\themes\Woocommerce\includes\carbon-fields\vendor\htmlburger\carbon-fields\core\Loader\Loader.php(80): do_action('carbon_fields_r...')
#5 C:\xampp\htdocs\wordpress\wp-includes\class-wp-hook.php(286): Carbon_Fields\Loader\Loader->trigger_fields_register('')
#6 C:\xampp\htdocs\wordpress\wp-includes\class-wp-hook.php(310): WP_Hook->apply_filters(NULL, Array)
#7 C:\xampp\htdocs\wordpress\wp-includes\plugin.php(453): WP_Hook->do_act in C:\xampp\htdocs\wordpress\wp-content\themes\Woocommerce\includes\custom-fields-options\theme-optons.php on line 10

2019-02-16T13:11:34+00:00 CRITICAL Uncaught Error: Call to a member function set_icon() on null in C:\xampp\htdocs\wordpress\wp-content\themes\Woocommerce\includes\custom-fields-options\theme-optons.php:10
Stack trace:
#0 C:\xampp\htdocs\wordpress\wp-content\themes\Woocommerce\functions.php(15): require()
#1 C:\xampp\htdocs\wordpress\wp-includes\class-wp-hook.php(286): estore_register_custom_fields('')
#2 C:\xampp\htdocs\wordpress\wp-includes\class-wp-hook.php(310): WP_Hook->apply_filters('', Array)
#3 C:\xampp\htdocs\wordpress\wp-includes\plugin.php(453): WP_Hook->do_action(Array)
#4 C:\xampp\htdocs\wordpress\wp-content\themes\Woocommerce\includes\carbon-fields\vendor\htmlburger\carbon-fields\core\Loader\Loader.php(80): do_action('carbon_fields_r...')
#5 C:\xampp\htdocs\wordpress\wp-includes\class-wp-hook.php(286): Carbon_Fields\Loader\Loader->trigger_fields_register('')
#6 C:\xampp\htdocs\wordpress\wp-includes\class-wp-hook.php(310): WP_Hook->apply_filters(NULL, Array)
#7 C:\xampp\htdocs\wordpress\wp-includes\plugin.php(453): WP_Hook->do_act in C:\xampp\htdocs\wordpress\wp-content\themes\Woocommerce\includes\custom-fields-options\theme-optons.php on line 10

2019-02-16T13:12:33+00:00 CRITICAL Uncaught Error: Call to a member function set_icon() on null in C:\xampp\htdocs\wordpress\wp-content\themes\Woocommerce\includes\custom-fields-options\theme-optons.php:10
Stack trace:
#0 C:\xampp\htdocs\wordpress\wp-content\themes\Woocommerce\functions.php(15): require()
#1 C:\xampp\htdocs\wordpress\wp-includes\class-wp-hook.php(286): estore_register_custom_fields('')
#2 C:\xampp\htdocs\wordpress\wp-includes\class-wp-hook.php(310): WP_Hook->apply_filters('', Array)
#3 C:\xampp\htdocs\wordpress\wp-includes\plugin.php(453): WP_Hook->do_action(Array)
#4 C:\xampp\htdocs\wordpress\wp-content\themes\Woocommerce\includes\carbon-fields\vendor\htmlburger\carbon-fields\core\Loader\Loader.php(80): do_action('carbon_fields_r...')
#5 C:\xampp\htdocs\wordpress\wp-includes\class-wp-hook.php(286): Carbon_Fields\Loader\Loader->trigger_fields_register('')
#6 C:\xampp\htdocs\wordpress\wp-includes\class-wp-hook.php(310): WP_Hook->apply_filters(NULL, Array)
#7 C:\xampp\htdocs\wordpress\wp-includes\plugin.php(453): WP_Hook->do_act in C:\xampp\htdocs\wordpress\wp-content\themes\Woocommerce\includes\custom-fields-options\theme-optons.php on line 10

2019-02-16T13:12:33+00:00 CRITICAL Uncaught Error: Call to a member function set_icon() on null in C:\xampp\htdocs\wordpress\wp-content\themes\Woocommerce\includes\custom-fields-options\theme-optons.php:10
Stack trace:
#0 C:\xampp\htdocs\wordpress\wp-content\themes\Woocommerce\functions.php(15): require()
#1 C:\xampp\htdocs\wordpress\wp-includes\class-wp-hook.php(286): estore_register_custom_fields('')
#2 C:\xampp\htdocs\wordpress\wp-includes\class-wp-hook.php(310): WP_Hook->apply_filters('', Array)
#3 C:\xampp\htdocs\wordpress\wp-includes\plugin.php(453): WP_Hook->do_action(Array)
#4 C:\xampp\htdocs\wordpress\wp-content\themes\Woocommerce\includes\carbon-fields\vendor\htmlburger\carbon-fields\core\Loader\Loader.php(80): do_action('carbon_fields_r...')
#5 C:\xampp\htdocs\wordpress\wp-includes\class-wp-hook.php(286): Carbon_Fields\Loader\Loader->trigger_fields_register('')
#6 C:\xampp\htdocs\wordpress\wp-includes\class-wp-hook.php(310): WP_Hook->apply_filters(NULL, Array)
#7 C:\xampp\htdocs\wordpress\wp-includes\plugin.php(453): WP_Hook->do_act in C:\xampp\htdocs\wordpress\wp-content\themes\Woocommerce\includes\custom-fields-options\theme-optons.php on line 10

2019-02-16T13:12:48+00:00 CRITICAL Uncaught Error: Call to a member function set_icon() on null in C:\xampp\htdocs\wordpress\wp-content\themes\Woocommerce\includes\custom-fields-options\theme-optons.php:10
Stack trace:
#0 C:\xampp\htdocs\wordpress\wp-content\themes\Woocommerce\functions.php(15): require()
#1 C:\xampp\htdocs\wordpress\wp-includes\class-wp-hook.php(286): estore_register_custom_fields('')
#2 C:\xampp\htdocs\wordpress\wp-includes\class-wp-hook.php(310): WP_Hook->apply_filters('', Array)
#3 C:\xampp\htdocs\wordpress\wp-includes\plugin.php(453): WP_Hook->do_action(Array)
#4 C:\xampp\htdocs\wordpress\wp-content\themes\Woocommerce\includes\carbon-fields\vendor\htmlburger\carbon-fields\core\Loader\Loader.php(80): do_action('carbon_fields_r...')
#5 C:\xampp\htdocs\wordpress\wp-includes\class-wp-hook.php(286): Carbon_Fields\Loader\Loader->trigger_fields_register('')
#6 C:\xampp\htdocs\wordpress\wp-includes\class-wp-hook.php(310): WP_Hook->apply_filters(NULL, Array)
#7 C:\xampp\htdocs\wordpress\wp-includes\plugin.php(453): WP_Hook->do_act in C:\xampp\htdocs\wordpress\wp-content\themes\Woocommerce\includes\custom-fields-options\theme-optons.php on line 10

2019-02-16T13:13:11+00:00 CRITICAL Uncaught Error: Call to a member function set_icon() on null in C:\xampp\htdocs\wordpress\wp-content\themes\Woocommerce\includes\custom-fields-options\theme-optons.php:10
Stack trace:
#0 C:\xampp\htdocs\wordpress\wp-content\themes\Woocommerce\functions.php(15): require()
#1 C:\xampp\htdocs\wordpress\wp-includes\class-wp-hook.php(286): estore_register_custom_fields('')
#2 C:\xampp\htdocs\wordpress\wp-includes\class-wp-hook.php(310): WP_Hook->apply_filters('', Array)
#3 C:\xampp\htdocs\wordpress\wp-includes\plugin.php(453): WP_Hook->do_action(Array)
#4 C:\xampp\htdocs\wordpress\wp-content\themes\Woocommerce\includes\carbon-fields\vendor\htmlburger\carbon-fields\core\Loader\Loader.php(80): do_action('carbon_fields_r...')
#5 C:\xampp\htdocs\wordpress\wp-includes\class-wp-hook.php(286): Carbon_Fields\Loader\Loader->trigger_fields_register('')
#6 C:\xampp\htdocs\wordpress\wp-includes\class-wp-hook.php(310): WP_Hook->apply_filters(NULL, Array)
#7 C:\xampp\htdocs\wordpress\wp-includes\plugin.php(453): WP_Hook->do_act in C:\xampp\htdocs\wordpress\wp-content\themes\Woocommerce\includes\custom-fields-options\theme-optons.php on line 10

2019-02-16T13:13:14+00:00 CRITICAL Uncaught Error: Call to a member function set_icon() on null in C:\xampp\htdocs\wordpress\wp-content\themes\Woocommerce\includes\custom-fields-options\theme-optons.php:10
Stack trace:
#0 C:\xampp\htdocs\wordpress\wp-content\themes\Woocommerce\functions.php(15): require()
#1 C:\xampp\htdocs\wordpress\wp-includes\class-wp-hook.php(286): estore_register_custom_fields('')
#2 C:\xampp\htdocs\wordpress\wp-includes\class-wp-hook.php(310): WP_Hook->apply_filters('', Array)
#3 C:\xampp\htdocs\wordpress\wp-includes\plugin.php(453): WP_Hook->do_action(Array)
#4 C:\xampp\htdocs\wordpress\wp-content\themes\Woocommerce\includes\carbon-fields\vendor\htmlburger\carbon-fields\core\Loader\Loader.php(80): do_action('carbon_fields_r...')
#5 C:\xampp\htdocs\wordpress\wp-includes\class-wp-hook.php(286): Carbon_Fields\Loader\Loader->trigger_fields_register('')
#6 C:\xampp\htdocs\wordpress\wp-includes\class-wp-hook.php(310): WP_Hook->apply_filters(NULL, Array)
#7 C:\xampp\htdocs\wordpress\wp-includes\plugin.php(453): WP_Hook->do_act in C:\xampp\htdocs\wordpress\wp-content\themes\Woocommerce\includes\custom-fields-options\theme-optons.php on line 10

2019-02-16T13:13:17+00:00 CRITICAL Uncaught Error: Call to a member function set_icon() on null in C:\xampp\htdocs\wordpress\wp-content\themes\Woocommerce\includes\custom-fields-options\theme-optons.php:10
Stack trace:
#0 C:\xampp\htdocs\wordpress\wp-content\themes\Woocommerce\functions.php(15): require()
#1 C:\xampp\htdocs\wordpress\wp-includes\class-wp-hook.php(286): estore_register_custom_fields('')
#2 C:\xampp\htdocs\wordpress\wp-includes\class-wp-hook.php(310): WP_Hook->apply_filters('', Array)
#3 C:\xampp\htdocs\wordpress\wp-includes\plugin.php(453): WP_Hook->do_action(Array)
#4 C:\xampp\htdocs\wordpress\wp-content\themes\Woocommerce\includes\carbon-fields\vendor\htmlburger\carbon-fields\core\Loader\Loader.php(80): do_action('carbon_fields_r...')
#5 C:\xampp\htdocs\wordpress\wp-includes\class-wp-hook.php(286): Carbon_Fields\Loader\Loader->trigger_fields_register('')
#6 C:\xampp\htdocs\wordpress\wp-includes\class-wp-hook.php(310): WP_Hook->apply_filters(NULL, Array)
#7 C:\xampp\htdocs\wordpress\wp-includes\plugin.php(453): WP_Hook->do_act in C:\xampp\htdocs\wordpress\wp-content\themes\Woocommerce\includes\custom-fields-options\theme-optons.php on line 10

2019-02-16T13:13:20+00:00 CRITICAL Uncaught Error: Call to a member function set_icon() on null in C:\xampp\htdocs\wordpress\wp-content\themes\Woocommerce\includes\custom-fields-options\theme-optons.php:10
Stack trace:
#0 C:\xampp\htdocs\wordpress\wp-content\themes\Woocommerce\functions.php(15): require()
#1 C:\xampp\htdocs\wordpress\wp-includes\class-wp-hook.php(286): estore_register_custom_fields('')
#2 C:\xampp\htdocs\wordpress\wp-includes\class-wp-hook.php(310): WP_Hook->apply_filters('', Array)
#3 C:\xampp\htdocs\wordpress\wp-includes\plugin.php(453): WP_Hook->do_action(Array)
#4 C:\xampp\htdocs\wordpress\wp-content\themes\Woocommerce\includes\carbon-fields\vendor\htmlburger\carbon-fields\core\Loader\Loader.php(80): do_action('carbon_fields_r...')
#5 C:\xampp\htdocs\wordpress\wp-includes\class-wp-hook.php(286): Carbon_Fields\Loader\Loader->trigger_fields_register('')
#6 C:\xampp\htdocs\wordpress\wp-includes\class-wp-hook.php(310): WP_Hook->apply_filters(NULL, Array)
#7 C:\xampp\htdocs\wordpress\wp-includes\plugin.php(453): WP_Hook->do_act in C:\xampp\htdocs\wordpress\wp-content\themes\Woocommerce\includes\custom-fields-options\theme-optons.php on line 10

2019-02-16T13:13:22+00:00 CRITICAL Uncaught Error: Call to a member function set_icon() on null in C:\xampp\htdocs\wordpress\wp-content\themes\Woocommerce\includes\custom-fields-options\theme-optons.php:10
Stack trace:
#0 C:\xampp\htdocs\wordpress\wp-content\themes\Woocommerce\functions.php(15): require()
#1 C:\xampp\htdocs\wordpress\wp-includes\class-wp-hook.php(286): estore_register_custom_fields('')
#2 C:\xampp\htdocs\wordpress\wp-includes\class-wp-hook.php(310): WP_Hook->apply_filters('', Array)
#3 C:\xampp\htdocs\wordpress\wp-includes\plugin.php(453): WP_Hook->do_action(Array)
#4 C:\xampp\htdocs\wordpress\wp-content\themes\Woocommerce\includes\carbon-fields\vendor\htmlburger\carbon-fields\core\Loader\Loader.php(80): do_action('carbon_fields_r...')
#5 C:\xampp\htdocs\wordpress\wp-includes\class-wp-hook.php(286): Carbon_Fields\Loader\Loader->trigger_fields_register('')
#6 C:\xampp\htdocs\wordpress\wp-includes\class-wp-hook.php(310): WP_Hook->apply_filters(NULL, Array)
#7 C:\xampp\htdocs\wordpress\wp-includes\plugin.php(453): WP_Hook->do_act in C:\xampp\htdocs\wordpress\wp-content\themes\Woocommerce\includes\custom-fields-options\theme-optons.php on line 10

2019-02-16T13:13:24+00:00 CRITICAL Uncaught Error: Call to a member function set_icon() on null in C:\xampp\htdocs\wordpress\wp-content\themes\Woocommerce\includes\custom-fields-options\theme-optons.php:10
Stack trace:
#0 C:\xampp\htdocs\wordpress\wp-content\themes\Woocommerce\functions.php(15): require()
#1 C:\xampp\htdocs\wordpress\wp-includes\class-wp-hook.php(286): estore_register_custom_fields('')
#2 C:\xampp\htdocs\wordpress\wp-includes\class-wp-hook.php(310): WP_Hook->apply_filters('', Array)
#3 C:\xampp\htdocs\wordpress\wp-includes\plugin.php(453): WP_Hook->do_action(Array)
#4 C:\xampp\htdocs\wordpress\wp-content\themes\Woocommerce\includes\carbon-fields\vendor\htmlburger\carbon-fields\core\Loader\Loader.php(80): do_action('carbon_fields_r...')
#5 C:\xampp\htdocs\wordpress\wp-includes\class-wp-hook.php(286): Carbon_Fields\Loader\Loader->trigger_fields_register('')
#6 C:\xampp\htdocs\wordpress\wp-includes\class-wp-hook.php(310): WP_Hook->apply_filters(NULL, Array)
#7 C:\xampp\htdocs\wordpress\wp-includes\plugin.php(453): WP_Hook->do_act in C:\xampp\htdocs\wordpress\wp-content\themes\Woocommerce\includes\custom-fields-options\theme-optons.php on line 10

2019-02-16T13:14:00+00:00 CRITICAL Uncaught Error: Call to undefined function carbon_get_theme_option() in C:\xampp\htdocs\wordpress\wp-content\themes\Woocommerce\template-parts\header\logo.php:8
Stack trace:
#0 C:\xampp\htdocs\wordpress\wp-includes\template.php(690): require()
#1 C:\xampp\htdocs\wordpress\wp-includes\template.php(647): load_template('C:\\xampp\\htdocs...', false)
#2 C:\xampp\htdocs\wordpress\wp-includes\general-template.php(155): locate_template(Array, true, false)
#3 C:\xampp\htdocs\wordpress\wp-content\themes\Woocommerce\includes\custom-header.php(23): get_template_part('template-parts/...')
#4 C:\xampp\htdocs\wordpress\wp-includes\class-wp-hook.php(286): estore_header_logo('')
#5 C:\xampp\htdocs\wordpress\wp-includes\class-wp-hook.php(310): WP_Hook->apply_filters(NULL, Array)
#6 C:\xampp\htdocs\wordpress\wp-includes\plugin.php(453): WP_Hook->do_action(Array)
#7 C:\xampp\htdocs\wordpress\wp-content\themes\Woocommerce\header.php(41): do_action('est_header_part...')
#8 C:\xampp\htdocs\wordpress\wp-includes\template.php(688):  in C:\xampp\htdocs\wordpress\wp-content\themes\Woocommerce\template-parts\header\logo.php on line 8

2019-02-16T13:14:02+00:00 CRITICAL Uncaught Error: Call to undefined function carbon_get_theme_option() in C:\xampp\htdocs\wordpress\wp-content\themes\Woocommerce\template-parts\header\logo.php:8
Stack trace:
#0 C:\xampp\htdocs\wordpress\wp-includes\template.php(690): require()
#1 C:\xampp\htdocs\wordpress\wp-includes\template.php(647): load_template('C:\\xampp\\htdocs...', false)
#2 C:\xampp\htdocs\wordpress\wp-includes\general-template.php(155): locate_template(Array, true, false)
#3 C:\xampp\htdocs\wordpress\wp-content\themes\Woocommerce\includes\custom-header.php(23): get_template_part('template-parts/...')
#4 C:\xampp\htdocs\wordpress\wp-includes\class-wp-hook.php(286): estore_header_logo('')
#5 C:\xampp\htdocs\wordpress\wp-includes\class-wp-hook.php(310): WP_Hook->apply_filters(NULL, Array)
#6 C:\xampp\htdocs\wordpress\wp-includes\plugin.php(453): WP_Hook->do_action(Array)
#7 C:\xampp\htdocs\wordpress\wp-content\themes\Woocommerce\header.php(41): do_action('est_header_part...')
#8 C:\xampp\htdocs\wordpress\wp-includes\template.php(688):  in C:\xampp\htdocs\wordpress\wp-content\themes\Woocommerce\template-parts\header\logo.php on line 8

2019-02-16T13:14:32+00:00 CRITICAL Uncaught Error: Call to undefined function carbon_get_theme_option() in C:\xampp\htdocs\wordpress\wp-content\themes\Woocommerce\template-parts\header\logo.php:8
Stack trace:
#0 C:\xampp\htdocs\wordpress\wp-includes\template.php(690): require()
#1 C:\xampp\htdocs\wordpress\wp-includes\template.php(647): load_template('C:\\xampp\\htdocs...', false)
#2 C:\xampp\htdocs\wordpress\wp-includes\general-template.php(155): locate_template(Array, true, false)
#3 C:\xampp\htdocs\wordpress\wp-content\themes\Woocommerce\includes\custom-header.php(23): get_template_part('template-parts/...')
#4 C:\xampp\htdocs\wordpress\wp-includes\class-wp-hook.php(286): estore_header_logo('')
#5 C:\xampp\htdocs\wordpress\wp-includes\class-wp-hook.php(310): WP_Hook->apply_filters(NULL, Array)
#6 C:\xampp\htdocs\wordpress\wp-includes\plugin.php(453): WP_Hook->do_action(Array)
#7 C:\xampp\htdocs\wordpress\wp-content\themes\Woocommerce\header.php(41): do_action('est_header_part...')
#8 C:\xampp\htdocs\wordpress\wp-includes\template.php(688):  in C:\xampp\htdocs\wordpress\wp-content\themes\Woocommerce\template-parts\header\logo.php on line 8

2019-02-16T13:14:33+00:00 CRITICAL Uncaught Error: Call to undefined function carbon_get_theme_option() in C:\xampp\htdocs\wordpress\wp-content\themes\Woocommerce\template-parts\header\logo.php:8
Stack trace:
#0 C:\xampp\htdocs\wordpress\wp-includes\template.php(690): require()
#1 C:\xampp\htdocs\wordpress\wp-includes\template.php(647): load_template('C:\\xampp\\htdocs...', false)
#2 C:\xampp\htdocs\wordpress\wp-includes\general-template.php(155): locate_template(Array, true, false)
#3 C:\xampp\htdocs\wordpress\wp-content\themes\Woocommerce\includes\custom-header.php(23): get_template_part('template-parts/...')
#4 C:\xampp\htdocs\wordpress\wp-includes\class-wp-hook.php(286): estore_header_logo('')
#5 C:\xampp\htdocs\wordpress\wp-includes\class-wp-hook.php(310): WP_Hook->apply_filters(NULL, Array)
#6 C:\xampp\htdocs\wordpress\wp-includes\plugin.php(453): WP_Hook->do_action(Array)
#7 C:\xampp\htdocs\wordpress\wp-content\themes\Woocommerce\header.php(41): do_action('est_header_part...')
#8 C:\xampp\htdocs\wordpress\wp-includes\template.php(688):  in C:\xampp\htdocs\wordpress\wp-content\themes\Woocommerce\template-parts\header\logo.php on line 8

2019-02-16T13:14:43+00:00 CRITICAL Uncaught Error: Call to undefined function carbon_get_theme_option() in C:\xampp\htdocs\wordpress\wp-content\themes\Woocommerce\template-parts\header\logo.php:8
Stack trace:
#0 C:\xampp\htdocs\wordpress\wp-includes\template.php(690): require()
#1 C:\xampp\htdocs\wordpress\wp-includes\template.php(647): load_template('C:\\xampp\\htdocs...', false)
#2 C:\xampp\htdocs\wordpress\wp-includes\general-template.php(155): locate_template(Array, true, false)
#3 C:\xampp\htdocs\wordpress\wp-content\themes\Woocommerce\includes\custom-header.php(23): get_template_part('template-parts/...')
#4 C:\xampp\htdocs\wordpress\wp-includes\class-wp-hook.php(286): estore_header_logo('')
#5 C:\xampp\htdocs\wordpress\wp-includes\class-wp-hook.php(310): WP_Hook->apply_filters(NULL, Array)
#6 C:\xampp\htdocs\wordpress\wp-includes\plugin.php(453): WP_Hook->do_action(Array)
#7 C:\xampp\htdocs\wordpress\wp-content\themes\Woocommerce\header.php(41): do_action('est_header_part...')
#8 C:\xampp\htdocs\wordpress\wp-includes\template.php(688):  in C:\xampp\htdocs\wordpress\wp-content\themes\Woocommerce\template-parts\header\logo.php on line 8

2019-02-16T13:14:44+00:00 CRITICAL Uncaught Error: Call to undefined function carbon_get_theme_option() in C:\xampp\htdocs\wordpress\wp-content\themes\Woocommerce\template-parts\header\logo.php:8
Stack trace:
#0 C:\xampp\htdocs\wordpress\wp-includes\template.php(690): require()
#1 C:\xampp\htdocs\wordpress\wp-includes\template.php(647): load_template('C:\\xampp\\htdocs...', false)
#2 C:\xampp\htdocs\wordpress\wp-includes\general-template.php(155): locate_template(Array, true, false)
#3 C:\xampp\htdocs\wordpress\wp-content\themes\Woocommerce\includes\custom-header.php(23): get_template_part('template-parts/...')
#4 C:\xampp\htdocs\wordpress\wp-includes\class-wp-hook.php(286): estore_header_logo('')
#5 C:\xampp\htdocs\wordpress\wp-includes\class-wp-hook.php(310): WP_Hook->apply_filters(NULL, Array)
#6 C:\xampp\htdocs\wordpress\wp-includes\plugin.php(453): WP_Hook->do_action(Array)
#7 C:\xampp\htdocs\wordpress\wp-content\themes\Woocommerce\header.php(41): do_action('est_header_part...')
#8 C:\xampp\htdocs\wordpress\wp-includes\template.php(688):  in C:\xampp\htdocs\wordpress\wp-content\themes\Woocommerce\template-parts\header\logo.php on line 8

2019-02-16T13:14:53+00:00 CRITICAL Uncaught Error: Call to a member function set_icon() on null in C:\xampp\htdocs\wordpress\wp-content\themes\Woocommerce\includes\custom-fields-options\theme-optons.php:10
Stack trace:
#0 C:\xampp\htdocs\wordpress\wp-content\themes\Woocommerce\functions.php(15): require()
#1 C:\xampp\htdocs\wordpress\wp-includes\class-wp-hook.php(286): estore_register_custom_fields('')
#2 C:\xampp\htdocs\wordpress\wp-includes\class-wp-hook.php(310): WP_Hook->apply_filters('', Array)
#3 C:\xampp\htdocs\wordpress\wp-includes\plugin.php(453): WP_Hook->do_action(Array)
#4 C:\xampp\htdocs\wordpress\wp-content\themes\Woocommerce\includes\carbon-fields\vendor\htmlburger\carbon-fields\core\Loader\Loader.php(80): do_action('carbon_fields_r...')
#5 C:\xampp\htdocs\wordpress\wp-includes\class-wp-hook.php(286): Carbon_Fields\Loader\Loader->trigger_fields_register('')
#6 C:\xampp\htdocs\wordpress\wp-includes\class-wp-hook.php(310): WP_Hook->apply_filters(NULL, Array)
#7 C:\xampp\htdocs\wordpress\wp-includes\plugin.php(453): WP_Hook->do_act in C:\xampp\htdocs\wordpress\wp-content\themes\Woocommerce\includes\custom-fields-options\theme-optons.php on line 10

2019-02-16T13:17:45+00:00 CRITICAL Uncaught Error: Call to a member function set_icon() on null in C:\xampp\htdocs\wordpress\wp-content\themes\Woocommerce\includes\custom-fields-options\theme-optons.php:10
Stack trace:
#0 C:\xampp\htdocs\wordpress\wp-content\themes\Woocommerce\functions.php(15): require()
#1 C:\xampp\htdocs\wordpress\wp-includes\class-wp-hook.php(286): estore_register_custom_fields('')
#2 C:\xampp\htdocs\wordpress\wp-includes\class-wp-hook.php(310): WP_Hook->apply_filters('', Array)
#3 C:\xampp\htdocs\wordpress\wp-includes\plugin.php(453): WP_Hook->do_action(Array)
#4 C:\xampp\htdocs\wordpress\wp-content\themes\Woocommerce\includes\carbon-fields\vendor\htmlburger\carbon-fields\core\Loader\Loader.php(80): do_action('carbon_fields_r...')
#5 C:\xampp\htdocs\wordpress\wp-includes\class-wp-hook.php(286): Carbon_Fields\Loader\Loader->trigger_fields_register('')
#6 C:\xampp\htdocs\wordpress\wp-includes\class-wp-hook.php(310): WP_Hook->apply_filters(NULL, Array)
#7 C:\xampp\htdocs\wordpress\wp-includes\plugin.php(453): WP_Hook->do_act in C:\xampp\htdocs\wordpress\wp-content\themes\Woocommerce\includes\custom-fields-options\theme-optons.php on line 10

2019-02-16T13:17:54+00:00 CRITICAL Uncaught Error: Call to a member function set_icon() on null in C:\xampp\htdocs\wordpress\wp-content\themes\Woocommerce\includes\custom-fields-options\theme-optons.php:10
Stack trace:
#0 C:\xampp\htdocs\wordpress\wp-content\themes\Woocommerce\functions.php(15): require()
#1 C:\xampp\htdocs\wordpress\wp-includes\class-wp-hook.php(286): estore_register_custom_fields('')
#2 C:\xampp\htdocs\wordpress\wp-includes\class-wp-hook.php(310): WP_Hook->apply_filters('', Array)
#3 C:\xampp\htdocs\wordpress\wp-includes\plugin.php(453): WP_Hook->do_action(Array)
#4 C:\xampp\htdocs\wordpress\wp-content\themes\Woocommerce\includes\carbon-fields\vendor\htmlburger\carbon-fields\core\Loader\Loader.php(80): do_action('carbon_fields_r...')
#5 C:\xampp\htdocs\wordpress\wp-includes\class-wp-hook.php(286): Carbon_Fields\Loader\Loader->trigger_fields_register('')
#6 C:\xampp\htdocs\wordpress\wp-includes\class-wp-hook.php(310): WP_Hook->apply_filters(NULL, Array)
#7 C:\xampp\htdocs\wordpress\wp-includes\plugin.php(453): WP_Hook->do_act in C:\xampp\htdocs\wordpress\wp-content\themes\Woocommerce\includes\custom-fields-options\theme-optons.php on line 10

2019-02-16T13:17:58+00:00 CRITICAL Uncaught Error: Call to a member function set_icon() on null in C:\xampp\htdocs\wordpress\wp-content\themes\Woocommerce\includes\custom-fields-options\theme-optons.php:10
Stack trace:
#0 C:\xampp\htdocs\wordpress\wp-content\themes\Woocommerce\functions.php(15): require()
#1 C:\xampp\htdocs\wordpress\wp-includes\class-wp-hook.php(286): estore_register_custom_fields('')
#2 C:\xampp\htdocs\wordpress\wp-includes\class-wp-hook.php(310): WP_Hook->apply_filters('', Array)
#3 C:\xampp\htdocs\wordpress\wp-includes\plugin.php(453): WP_Hook->do_action(Array)
#4 C:\xampp\htdocs\wordpress\wp-content\themes\Woocommerce\includes\carbon-fields\vendor\htmlburger\carbon-fields\core\Loader\Loader.php(80): do_action('carbon_fields_r...')
#5 C:\xampp\htdocs\wordpress\wp-includes\class-wp-hook.php(286): Carbon_Fields\Loader\Loader->trigger_fields_register('')
#6 C:\xampp\htdocs\wordpress\wp-includes\class-wp-hook.php(310): WP_Hook->apply_filters(NULL, Array)
#7 C:\xampp\htdocs\wordpress\wp-includes\plugin.php(453): WP_Hook->do_act in C:\xampp\htdocs\wordpress\wp-content\themes\Woocommerce\includes\custom-fields-options\theme-optons.php on line 10

2019-02-16T13:18:00+00:00 CRITICAL Uncaught Error: Call to a member function set_icon() on null in C:\xampp\htdocs\wordpress\wp-content\themes\Woocommerce\includes\custom-fields-options\theme-optons.php:10
Stack trace:
#0 C:\xampp\htdocs\wordpress\wp-content\themes\Woocommerce\functions.php(15): require()
#1 C:\xampp\htdocs\wordpress\wp-includes\class-wp-hook.php(286): estore_register_custom_fields('')
#2 C:\xampp\htdocs\wordpress\wp-includes\class-wp-hook.php(310): WP_Hook->apply_filters('', Array)
#3 C:\xampp\htdocs\wordpress\wp-includes\plugin.php(453): WP_Hook->do_action(Array)
#4 C:\xampp\htdocs\wordpress\wp-content\themes\Woocommerce\includes\carbon-fields\vendor\htmlburger\carbon-fields\core\Loader\Loader.php(80): do_action('carbon_fields_r...')
#5 C:\xampp\htdocs\wordpress\wp-includes\class-wp-hook.php(286): Carbon_Fields\Loader\Loader->trigger_fields_register('')
#6 C:\xampp\htdocs\wordpress\wp-includes\class-wp-hook.php(310): WP_Hook->apply_filters(NULL, Array)
#7 C:\xampp\htdocs\wordpress\wp-includes\plugin.php(453): WP_Hook->do_act in C:\xampp\htdocs\wordpress\wp-content\themes\Woocommerce\includes\custom-fields-options\theme-optons.php on line 10

2019-02-16T13:18:02+00:00 CRITICAL Uncaught Error: Call to a member function set_icon() on null in C:\xampp\htdocs\wordpress\wp-content\themes\Woocommerce\includes\custom-fields-options\theme-optons.php:10
Stack trace:
#0 C:\xampp\htdocs\wordpress\wp-content\themes\Woocommerce\functions.php(15): require()
#1 C:\xampp\htdocs\wordpress\wp-includes\class-wp-hook.php(286): estore_register_custom_fields('')
#2 C:\xampp\htdocs\wordpress\wp-includes\class-wp-hook.php(310): WP_Hook->apply_filters('', Array)
#3 C:\xampp\htdocs\wordpress\wp-includes\plugin.php(453): WP_Hook->do_action(Array)
#4 C:\xampp\htdocs\wordpress\wp-content\themes\Woocommerce\includes\carbon-fields\vendor\htmlburger\carbon-fields\core\Loader\Loader.php(80): do_action('carbon_fields_r...')
#5 C:\xampp\htdocs\wordpress\wp-includes\class-wp-hook.php(286): Carbon_Fields\Loader\Loader->trigger_fields_register('')
#6 C:\xampp\htdocs\wordpress\wp-includes\class-wp-hook.php(310): WP_Hook->apply_filters(NULL, Array)
#7 C:\xampp\htdocs\wordpress\wp-includes\plugin.php(453): WP_Hook->do_act in C:\xampp\htdocs\wordpress\wp-content\themes\Woocommerce\includes\custom-fields-options\theme-optons.php on line 10

2019-02-16T13:18:05+00:00 CRITICAL Uncaught Error: Call to a member function set_icon() on null in C:\xampp\htdocs\wordpress\wp-content\themes\Woocommerce\includes\custom-fields-options\theme-optons.php:10
Stack trace:
#0 C:\xampp\htdocs\wordpress\wp-content\themes\Woocommerce\functions.php(15): require()
#1 C:\xampp\htdocs\wordpress\wp-includes\class-wp-hook.php(286): estore_register_custom_fields('')
#2 C:\xampp\htdocs\wordpress\wp-includes\class-wp-hook.php(310): WP_Hook->apply_filters('', Array)
#3 C:\xampp\htdocs\wordpress\wp-includes\plugin.php(453): WP_Hook->do_action(Array)
#4 C:\xampp\htdocs\wordpress\wp-content\themes\Woocommerce\includes\carbon-fields\vendor\htmlburger\carbon-fields\core\Loader\Loader.php(80): do_action('carbon_fields_r...')
#5 C:\xampp\htdocs\wordpress\wp-includes\class-wp-hook.php(286): Carbon_Fields\Loader\Loader->trigger_fields_register('')
#6 C:\xampp\htdocs\wordpress\wp-includes\class-wp-hook.php(310): WP_Hook->apply_filters(NULL, Array)
#7 C:\xampp\htdocs\wordpress\wp-includes\plugin.php(453): WP_Hook->do_act in C:\xampp\htdocs\wordpress\wp-content\themes\Woocommerce\includes\custom-fields-options\theme-optons.php on line 10

2019-02-16T13:18:06+00:00 CRITICAL Uncaught Error: Call to a member function set_icon() on null in C:\xampp\htdocs\wordpress\wp-content\themes\Woocommerce\includes\custom-fields-options\theme-optons.php:10
Stack trace:
#0 C:\xampp\htdocs\wordpress\wp-content\themes\Woocommerce\functions.php(15): require()
#1 C:\xampp\htdocs\wordpress\wp-includes\class-wp-hook.php(286): estore_register_custom_fields('')
#2 C:\xampp\htdocs\wordpress\wp-includes\class-wp-hook.php(310): WP_Hook->apply_filters('', Array)
#3 C:\xampp\htdocs\wordpress\wp-includes\plugin.php(453): WP_Hook->do_action(Array)
#4 C:\xampp\htdocs\wordpress\wp-content\themes\Woocommerce\includes\carbon-fields\vendor\htmlburger\carbon-fields\core\Loader\Loader.php(80): do_action('carbon_fields_r...')
#5 C:\xampp\htdocs\wordpress\wp-includes\class-wp-hook.php(286): Carbon_Fields\Loader\Loader->trigger_fields_register('')
#6 C:\xampp\htdocs\wordpress\wp-includes\class-wp-hook.php(310): WP_Hook->apply_filters(NULL, Array)
#7 C:\xampp\htdocs\wordpress\wp-includes\plugin.php(453): WP_Hook->do_act in C:\xampp\htdocs\wordpress\wp-content\themes\Woocommerce\includes\custom-fields-options\theme-optons.php on line 10

2019-02-16T13:18:08+00:00 CRITICAL Uncaught Error: Call to a member function set_icon() on null in C:\xampp\htdocs\wordpress\wp-content\themes\Woocommerce\includes\custom-fields-options\theme-optons.php:10
Stack trace:
#0 C:\xampp\htdocs\wordpress\wp-content\themes\Woocommerce\functions.php(15): require()
#1 C:\xampp\htdocs\wordpress\wp-includes\class-wp-hook.php(286): estore_register_custom_fields('')
#2 C:\xampp\htdocs\wordpress\wp-includes\class-wp-hook.php(310): WP_Hook->apply_filters('', Array)
#3 C:\xampp\htdocs\wordpress\wp-includes\plugin.php(453): WP_Hook->do_action(Array)
#4 C:\xampp\htdocs\wordpress\wp-content\themes\Woocommerce\includes\carbon-fields\vendor\htmlburger\carbon-fields\core\Loader\Loader.php(80): do_action('carbon_fields_r...')
#5 C:\xampp\htdocs\wordpress\wp-includes\class-wp-hook.php(286): Carbon_Fields\Loader\Loader->trigger_fields_register('')
#6 C:\xampp\htdocs\wordpress\wp-includes\class-wp-hook.php(310): WP_Hook->apply_filters(NULL, Array)
#7 C:\xampp\htdocs\wordpress\wp-includes\plugin.php(453): WP_Hook->do_act in C:\xampp\htdocs\wordpress\wp-content\themes\Woocommerce\includes\custom-fields-options\theme-optons.php on line 10

2019-02-16T13:18:37+00:00 CRITICAL require_once(): Failed opening required 'C:\xampp\htdocs\wordpress/wp-content/themes/Woocommerce/includes/carbon-fields/vendor/autoload.php' (include_path='C:\xampp\php\PEAR') in C:\xampp\htdocs\wordpress\wp-includes\template.php on line 688

2019-02-16T13:18:41+00:00 CRITICAL require_once(): Failed opening required 'C:\xampp\htdocs\wordpress/wp-content/themes/Woocommerce/includes/carbon-fields/vendor/autoload.php' (include_path='C:\xampp\php\PEAR') in C:\xampp\htdocs\wordpress\wp-includes\template.php on line 688

2019-02-16T13:19:23+00:00 CRITICAL require_once(): Failed opening required 'C:\xampp\htdocs\wordpress/wp-content/themes/Woocommerce/includes/carbon-fields/vendor/autoload.php' (include_path='C:\xampp\php\PEAR') in C:\xampp\htdocs\wordpress\wp-includes\template.php on line 688

2019-02-16T13:19:24+00:00 CRITICAL require_once(): Failed opening required 'C:\xampp\htdocs\wordpress/wp-content/themes/Woocommerce/includes/carbon-fields/vendor/autoload.php' (include_path='C:\xampp\php\PEAR') in C:\xampp\htdocs\wordpress\wp-includes\template.php on line 688

2019-02-16T13:19:41+00:00 CRITICAL Uncaught Error: Call to a member function set_icon() on null in C:\xampp\htdocs\wordpress\wp-content\themes\Woocommerce\includes\custom-fields-options\theme-optons.php:10
Stack trace:
#0 C:\xampp\htdocs\wordpress\wp-content\themes\Woocommerce\functions.php(15): require()
#1 C:\xampp\htdocs\wordpress\wp-includes\class-wp-hook.php(286): estore_register_custom_fields('')
#2 C:\xampp\htdocs\wordpress\wp-includes\class-wp-hook.php(310): WP_Hook->apply_filters('', Array)
#3 C:\xampp\htdocs\wordpress\wp-includes\plugin.php(453): WP_Hook->do_action(Array)
#4 C:\xampp\htdocs\wordpress\wp-content\themes\Woocommerce\includes\carbon-fields\vendor\htmlburger\carbon-fields\core\Loader\Loader.php(80): do_action('carbon_fields_r...')
#5 C:\xampp\htdocs\wordpress\wp-includes\class-wp-hook.php(286): Carbon_Fields\Loader\Loader->trigger_fields_register('')
#6 C:\xampp\htdocs\wordpress\wp-includes\class-wp-hook.php(310): WP_Hook->apply_filters(NULL, Array)
#7 C:\xampp\htdocs\wordpress\wp-includes\plugin.php(453): WP_Hook->do_act in C:\xampp\htdocs\wordpress\wp-content\themes\Woocommerce\includes\custom-fields-options\theme-optons.php on line 10

2019-02-16T13:20:03+00:00 CRITICAL require_once(): Failed opening required 'C:\xampp\htdocs\wordpress/wp-content/themes/Woocommerce/includes/carbon-fields/vendor/autoload.php' (include_path='C:\xampp\php\PEAR') in C:\xampp\htdocs\wordpress\wp-includes\template.php on line 688

2019-02-16T13:20:08+00:00 CRITICAL require_once(): Failed opening required 'C:\xampp\htdocs\wordpress/wp-content/themes/Woocommerce/includes/carbon-fields/vendor/autoload.php' (include_path='C:\xampp\php\PEAR') in C:\xampp\htdocs\wordpress\wp-includes\template.php on line 688

2019-02-16T13:20:54+00:00 CRITICAL require_once(): Failed opening required 'C:\xampp\htdocs\wordpress/wp-content/themes/Woocommerce/includes/carbon-fields/vendor/autoload.php' (include_path='C:\xampp\php\PEAR') in C:\xampp\htdocs\wordpress\wp-includes\template.php on line 688

2019-02-16T13:20:54+00:00 CRITICAL require_once(): Failed opening required 'C:\xampp\htdocs\wordpress/wp-content/themes/Woocommerce/includes/carbon-fields/vendor/autoload.php' (include_path='C:\xampp\php\PEAR') in C:\xampp\htdocs\wordpress\wp-includes\template.php on line 688

2019-02-16T13:21:49+00:00 CRITICAL require_once(): Failed opening required 'C:\xampp\htdocs\wordpress/wp-content/themes/Woocommerce/includes/carbon-fields/vendor/autoload.php' (include_path='C:\xampp\php\PEAR') in C:\xampp\htdocs\wordpress\wp-includes\template.php on line 688

2019-02-16T13:22:11+00:00 CRITICAL Uncaught Error: Call to undefined function carbon_get_theme_option() in C:\xampp\htdocs\wordpress\wp-content\themes\Woocommerce\template-parts\header\logo.php:8
Stack trace:
#0 C:\xampp\htdocs\wordpress\wp-includes\template.php(690): require()
#1 C:\xampp\htdocs\wordpress\wp-includes\template.php(647): load_template('C:\\xampp\\htdocs...', false)
#2 C:\xampp\htdocs\wordpress\wp-includes\general-template.php(155): locate_template(Array, true, false)
#3 C:\xampp\htdocs\wordpress\wp-content\themes\Woocommerce\includes\custom-header.php(23): get_template_part('template-parts/...')
#4 C:\xampp\htdocs\wordpress\wp-includes\class-wp-hook.php(286): estore_header_logo('')
#5 C:\xampp\htdocs\wordpress\wp-includes\class-wp-hook.php(310): WP_Hook->apply_filters(NULL, Array)
#6 C:\xampp\htdocs\wordpress\wp-includes\plugin.php(453): WP_Hook->do_action(Array)
#7 C:\xampp\htdocs\wordpress\wp-content\themes\Woocommerce\header.php(41): do_action('est_header_part...')
#8 C:\xampp\htdocs\wordpress\wp-includes\template.php(688):  in C:\xampp\htdocs\wordpress\wp-content\themes\Woocommerce\template-parts\header\logo.php on line 8

