2019-04-09T07:50:11+00:00 CRITICAL Maximum execution time of 30 seconds exceeded in C:\xampp\htdocs\wordpress\wp-content\plugins\contact-form-7\modules\textarea.php on line 8

2019-04-09T07:50:25+00:00 CRITICAL Maximum execution time of 30 seconds exceeded in C:\xampp\htdocs\wordpress\wp-admin\includes\theme.php on line 21

2019-04-09T08:16:26+00:00 CRITICAL Uncaught Error: Call to undefined function estore_woocommerce_cart_link() in C:\xampp\htdocs\wordpress\wp-content\themes\ave\woocommerce\includes\wc-functions-cart.php:18
Stack trace:
#0 C:\xampp\htdocs\wordpress\wp-includes\class-wp-hook.php(286): estore_woocommerce_cart_link_fragment(Array)
#1 C:\xampp\htdocs\wordpress\wp-includes\plugin.php(208): WP_Hook->apply_filters(Array, Array)
#2 C:\xampp\htdocs\wordpress\wp-content\plugins\woocommerce\includes\class-wc-ajax.php(179): apply_filters('woocommerce_add...', Array)
#3 C:\xampp\htdocs\wordpress\wp-includes\class-wp-hook.php(286): WC_AJAX::get_refreshed_fragments('')
#4 C:\xampp\htdocs\wordpress\wp-includes\class-wp-hook.php(310): WP_Hook->apply_filters('', Array)
#5 C:\xampp\htdocs\wordpress\wp-includes\plugin.php(465): WP_Hook->do_action(Array)
#6 C:\xampp\htdocs\wordpress\wp-content\plugins\woocommerce\includes\class-wc-ajax.php(79): do_action('wc_ajax_get_ref...')
#7 C:\xampp\htdocs\wordpress\wp-includes\class-wp-hook.php(286): WC_AJAX::do_wc_ajax('')
# in C:\xampp\htdocs\wordpress\wp-content\themes\ave\woocommerce\includes\wc-functions-cart.php on line 18

2019-04-09T08:16:57+00:00 CRITICAL Uncaught Error: Call to undefined function estore_woocommerce_cart_link() in C:\xampp\htdocs\wordpress\wp-content\themes\ave\woocommerce\includes\wc-functions-cart.php:18
Stack trace:
#0 C:\xampp\htdocs\wordpress\wp-includes\class-wp-hook.php(286): estore_woocommerce_cart_link_fragment(Array)
#1 C:\xampp\htdocs\wordpress\wp-includes\plugin.php(208): WP_Hook->apply_filters(Array, Array)
#2 C:\xampp\htdocs\wordpress\wp-content\plugins\woocommerce\includes\class-wc-ajax.php(179): apply_filters('woocommerce_add...', Array)
#3 C:\xampp\htdocs\wordpress\wp-includes\class-wp-hook.php(286): WC_AJAX::get_refreshed_fragments('')
#4 C:\xampp\htdocs\wordpress\wp-includes\class-wp-hook.php(310): WP_Hook->apply_filters('', Array)
#5 C:\xampp\htdocs\wordpress\wp-includes\plugin.php(465): WP_Hook->do_action(Array)
#6 C:\xampp\htdocs\wordpress\wp-content\plugins\woocommerce\includes\class-wc-ajax.php(79): do_action('wc_ajax_get_ref...')
#7 C:\xampp\htdocs\wordpress\wp-includes\class-wp-hook.php(286): WC_AJAX::do_wc_ajax('')
# in C:\xampp\htdocs\wordpress\wp-content\themes\ave\woocommerce\includes\wc-functions-cart.php on line 18

2019-04-09T08:22:32+00:00 CRITICAL Uncaught Error: Call to undefined function estore_woocommerce_cart_link() in C:\xampp\htdocs\wordpress\wp-content\themes\ave\woocommerce\includes\wc-functions-cart.php:18
Stack trace:
#0 C:\xampp\htdocs\wordpress\wp-includes\class-wp-hook.php(286): estore_woocommerce_cart_link_fragment(Array)
#1 C:\xampp\htdocs\wordpress\wp-includes\plugin.php(208): WP_Hook->apply_filters(Array, Array)
#2 C:\xampp\htdocs\wordpress\wp-content\plugins\woocommerce\includes\class-wc-ajax.php(179): apply_filters('woocommerce_add...', Array)
#3 C:\xampp\htdocs\wordpress\wp-includes\class-wp-hook.php(286): WC_AJAX::get_refreshed_fragments('')
#4 C:\xampp\htdocs\wordpress\wp-includes\class-wp-hook.php(310): WP_Hook->apply_filters('', Array)
#5 C:\xampp\htdocs\wordpress\wp-includes\plugin.php(465): WP_Hook->do_action(Array)
#6 C:\xampp\htdocs\wordpress\wp-content\plugins\woocommerce\includes\class-wc-ajax.php(79): do_action('wc_ajax_get_ref...')
#7 C:\xampp\htdocs\wordpress\wp-includes\class-wp-hook.php(286): WC_AJAX::do_wc_ajax('')
# in C:\xampp\htdocs\wordpress\wp-content\themes\ave\woocommerce\includes\wc-functions-cart.php on line 18

2019-04-09T08:22:35+00:00 CRITICAL Uncaught Error: Call to undefined function estore_woocommerce_cart_link() in C:\xampp\htdocs\wordpress\wp-content\themes\ave\woocommerce\includes\wc-functions-cart.php:18
Stack trace:
#0 C:\xampp\htdocs\wordpress\wp-includes\class-wp-hook.php(286): estore_woocommerce_cart_link_fragment(Array)
#1 C:\xampp\htdocs\wordpress\wp-includes\plugin.php(208): WP_Hook->apply_filters(Array, Array)
#2 C:\xampp\htdocs\wordpress\wp-content\plugins\woocommerce\includes\class-wc-ajax.php(179): apply_filters('woocommerce_add...', Array)
#3 C:\xampp\htdocs\wordpress\wp-includes\class-wp-hook.php(286): WC_AJAX::get_refreshed_fragments('')
#4 C:\xampp\htdocs\wordpress\wp-includes\class-wp-hook.php(310): WP_Hook->apply_filters('', Array)
#5 C:\xampp\htdocs\wordpress\wp-includes\plugin.php(465): WP_Hook->do_action(Array)
#6 C:\xampp\htdocs\wordpress\wp-content\plugins\woocommerce\includes\class-wc-ajax.php(79): do_action('wc_ajax_get_ref...')
#7 C:\xampp\htdocs\wordpress\wp-includes\class-wp-hook.php(286): WC_AJAX::do_wc_ajax('')
# in C:\xampp\htdocs\wordpress\wp-content\themes\ave\woocommerce\includes\wc-functions-cart.php on line 18

2019-04-09T08:24:50+00:00 CRITICAL Uncaught Error: Call to undefined function estore_woocommerce_cart_link() in C:\xampp\htdocs\wordpress\wp-content\themes\ave\woocommerce\includes\wc-functions-cart.php:18
Stack trace:
#0 C:\xampp\htdocs\wordpress\wp-includes\class-wp-hook.php(286): estore_woocommerce_cart_link_fragment(Array)
#1 C:\xampp\htdocs\wordpress\wp-includes\plugin.php(208): WP_Hook->apply_filters(Array, Array)
#2 C:\xampp\htdocs\wordpress\wp-content\plugins\woocommerce\includes\class-wc-ajax.php(179): apply_filters('woocommerce_add...', Array)
#3 C:\xampp\htdocs\wordpress\wp-includes\class-wp-hook.php(286): WC_AJAX::get_refreshed_fragments('')
#4 C:\xampp\htdocs\wordpress\wp-includes\class-wp-hook.php(310): WP_Hook->apply_filters('', Array)
#5 C:\xampp\htdocs\wordpress\wp-includes\plugin.php(465): WP_Hook->do_action(Array)
#6 C:\xampp\htdocs\wordpress\wp-content\plugins\woocommerce\includes\class-wc-ajax.php(79): do_action('wc_ajax_get_ref...')
#7 C:\xampp\htdocs\wordpress\wp-includes\class-wp-hook.php(286): WC_AJAX::do_wc_ajax('')
# in C:\xampp\htdocs\wordpress\wp-content\themes\ave\woocommerce\includes\wc-functions-cart.php on line 18

2019-04-09T08:26:07+00:00 CRITICAL Uncaught Error: Call to undefined function estore_woocommerce_cart_link() in C:\xampp\htdocs\wordpress\wp-content\themes\ave\woocommerce\includes\wc-functions-cart.php:18
Stack trace:
#0 C:\xampp\htdocs\wordpress\wp-includes\class-wp-hook.php(286): estore_woocommerce_cart_link_fragment(Array)
#1 C:\xampp\htdocs\wordpress\wp-includes\plugin.php(208): WP_Hook->apply_filters(Array, Array)
#2 C:\xampp\htdocs\wordpress\wp-content\plugins\woocommerce\includes\class-wc-ajax.php(179): apply_filters('woocommerce_add...', Array)
#3 C:\xampp\htdocs\wordpress\wp-includes\class-wp-hook.php(286): WC_AJAX::get_refreshed_fragments('')
#4 C:\xampp\htdocs\wordpress\wp-includes\class-wp-hook.php(310): WP_Hook->apply_filters('', Array)
#5 C:\xampp\htdocs\wordpress\wp-includes\plugin.php(465): WP_Hook->do_action(Array)
#6 C:\xampp\htdocs\wordpress\wp-content\plugins\woocommerce\includes\class-wc-ajax.php(79): do_action('wc_ajax_get_ref...')
#7 C:\xampp\htdocs\wordpress\wp-includes\class-wp-hook.php(286): WC_AJAX::do_wc_ajax('')
# in C:\xampp\htdocs\wordpress\wp-content\themes\ave\woocommerce\includes\wc-functions-cart.php on line 18

2019-04-09T08:28:25+00:00 CRITICAL Uncaught Error: Call to undefined function estore_woocommerce_cart_link() in C:\xampp\htdocs\wordpress\wp-content\themes\ave\woocommerce\includes\wc-functions-cart.php:18
Stack trace:
#0 C:\xampp\htdocs\wordpress\wp-includes\class-wp-hook.php(286): estore_woocommerce_cart_link_fragment(Array)
#1 C:\xampp\htdocs\wordpress\wp-includes\plugin.php(208): WP_Hook->apply_filters(Array, Array)
#2 C:\xampp\htdocs\wordpress\wp-content\plugins\woocommerce\includes\class-wc-ajax.php(179): apply_filters('woocommerce_add...', Array)
#3 C:\xampp\htdocs\wordpress\wp-includes\class-wp-hook.php(286): WC_AJAX::get_refreshed_fragments('')
#4 C:\xampp\htdocs\wordpress\wp-includes\class-wp-hook.php(310): WP_Hook->apply_filters('', Array)
#5 C:\xampp\htdocs\wordpress\wp-includes\plugin.php(465): WP_Hook->do_action(Array)
#6 C:\xampp\htdocs\wordpress\wp-content\plugins\woocommerce\includes\class-wc-ajax.php(79): do_action('wc_ajax_get_ref...')
#7 C:\xampp\htdocs\wordpress\wp-includes\class-wp-hook.php(286): WC_AJAX::do_wc_ajax('')
# in C:\xampp\htdocs\wordpress\wp-content\themes\ave\woocommerce\includes\wc-functions-cart.php on line 18

2019-04-09T08:28:38+00:00 CRITICAL Uncaught Error: Call to undefined function estore_woocommerce_cart_link() in C:\xampp\htdocs\wordpress\wp-content\themes\ave\woocommerce\includes\wc-functions-cart.php:18
Stack trace:
#0 C:\xampp\htdocs\wordpress\wp-includes\class-wp-hook.php(286): estore_woocommerce_cart_link_fragment(Array)
#1 C:\xampp\htdocs\wordpress\wp-includes\plugin.php(208): WP_Hook->apply_filters(Array, Array)
#2 C:\xampp\htdocs\wordpress\wp-content\plugins\woocommerce\includes\class-wc-ajax.php(179): apply_filters('woocommerce_add...', Array)
#3 C:\xampp\htdocs\wordpress\wp-includes\class-wp-hook.php(286): WC_AJAX::get_refreshed_fragments('')
#4 C:\xampp\htdocs\wordpress\wp-includes\class-wp-hook.php(310): WP_Hook->apply_filters('', Array)
#5 C:\xampp\htdocs\wordpress\wp-includes\plugin.php(465): WP_Hook->do_action(Array)
#6 C:\xampp\htdocs\wordpress\wp-content\plugins\woocommerce\includes\class-wc-ajax.php(79): do_action('wc_ajax_get_ref...')
#7 C:\xampp\htdocs\wordpress\wp-includes\class-wp-hook.php(286): WC_AJAX::do_wc_ajax('')
# in C:\xampp\htdocs\wordpress\wp-content\themes\ave\woocommerce\includes\wc-functions-cart.php on line 18

2019-04-09T08:36:51+00:00 CRITICAL Uncaught Error: Call to undefined function estore_woocommerce_cart_link() in C:\xampp\htdocs\wordpress\wp-content\themes\ave\woocommerce\includes\wc-functions-cart.php:18
Stack trace:
#0 C:\xampp\htdocs\wordpress\wp-includes\class-wp-hook.php(286): estore_woocommerce_cart_link_fragment(Array)
#1 C:\xampp\htdocs\wordpress\wp-includes\plugin.php(208): WP_Hook->apply_filters(Array, Array)
#2 C:\xampp\htdocs\wordpress\wp-content\plugins\woocommerce\includes\class-wc-ajax.php(179): apply_filters('woocommerce_add...', Array)
#3 C:\xampp\htdocs\wordpress\wp-includes\class-wp-hook.php(286): WC_AJAX::get_refreshed_fragments('')
#4 C:\xampp\htdocs\wordpress\wp-includes\class-wp-hook.php(310): WP_Hook->apply_filters('', Array)
#5 C:\xampp\htdocs\wordpress\wp-includes\plugin.php(465): WP_Hook->do_action(Array)
#6 C:\xampp\htdocs\wordpress\wp-content\plugins\woocommerce\includes\class-wc-ajax.php(79): do_action('wc_ajax_get_ref...')
#7 C:\xampp\htdocs\wordpress\wp-includes\class-wp-hook.php(286): WC_AJAX::do_wc_ajax('')
# in C:\xampp\htdocs\wordpress\wp-content\themes\ave\woocommerce\includes\wc-functions-cart.php on line 18

2019-04-09T08:39:25+00:00 CRITICAL Uncaught Error: Call to undefined function estore_woocommerce_cart_link() in C:\xampp\htdocs\wordpress\wp-content\themes\ave\woocommerce\includes\wc-functions-cart.php:18
Stack trace:
#0 C:\xampp\htdocs\wordpress\wp-includes\class-wp-hook.php(286): estore_woocommerce_cart_link_fragment(Array)
#1 C:\xampp\htdocs\wordpress\wp-includes\plugin.php(208): WP_Hook->apply_filters(Array, Array)
#2 C:\xampp\htdocs\wordpress\wp-content\plugins\woocommerce\includes\class-wc-ajax.php(179): apply_filters('woocommerce_add...', Array)
#3 C:\xampp\htdocs\wordpress\wp-includes\class-wp-hook.php(286): WC_AJAX::get_refreshed_fragments('')
#4 C:\xampp\htdocs\wordpress\wp-includes\class-wp-hook.php(310): WP_Hook->apply_filters('', Array)
#5 C:\xampp\htdocs\wordpress\wp-includes\plugin.php(465): WP_Hook->do_action(Array)
#6 C:\xampp\htdocs\wordpress\wp-content\plugins\woocommerce\includes\class-wc-ajax.php(79): do_action('wc_ajax_get_ref...')
#7 C:\xampp\htdocs\wordpress\wp-includes\class-wp-hook.php(286): WC_AJAX::do_wc_ajax('')
# in C:\xampp\htdocs\wordpress\wp-content\themes\ave\woocommerce\includes\wc-functions-cart.php on line 18

2019-04-09T08:41:01+00:00 CRITICAL Uncaught Error: Call to undefined function estore_woocommerce_cart_link() in C:\xampp\htdocs\wordpress\wp-content\themes\ave\woocommerce\includes\wc-functions-cart.php:18
Stack trace:
#0 C:\xampp\htdocs\wordpress\wp-includes\class-wp-hook.php(286): estore_woocommerce_cart_link_fragment(Array)
#1 C:\xampp\htdocs\wordpress\wp-includes\plugin.php(208): WP_Hook->apply_filters(Array, Array)
#2 C:\xampp\htdocs\wordpress\wp-content\plugins\woocommerce\includes\class-wc-ajax.php(179): apply_filters('woocommerce_add...', Array)
#3 C:\xampp\htdocs\wordpress\wp-includes\class-wp-hook.php(286): WC_AJAX::get_refreshed_fragments('')
#4 C:\xampp\htdocs\wordpress\wp-includes\class-wp-hook.php(310): WP_Hook->apply_filters('', Array)
#5 C:\xampp\htdocs\wordpress\wp-includes\plugin.php(465): WP_Hook->do_action(Array)
#6 C:\xampp\htdocs\wordpress\wp-content\plugins\woocommerce\includes\class-wc-ajax.php(79): do_action('wc_ajax_get_ref...')
#7 C:\xampp\htdocs\wordpress\wp-includes\class-wp-hook.php(286): WC_AJAX::do_wc_ajax('')
# in C:\xampp\htdocs\wordpress\wp-content\themes\ave\woocommerce\includes\wc-functions-cart.php on line 18

2019-04-09T10:06:05+00:00 CRITICAL Uncaught Error: Call to undefined function estore_woocommerce_cart_link() in C:\xampp\htdocs\wordpress\wp-content\themes\ave\woocommerce\includes\wc-functions-cart.php:18
Stack trace:
#0 C:\xampp\htdocs\wordpress\wp-includes\class-wp-hook.php(286): estore_woocommerce_cart_link_fragment(Array)
#1 C:\xampp\htdocs\wordpress\wp-includes\plugin.php(208): WP_Hook->apply_filters(Array, Array)
#2 C:\xampp\htdocs\wordpress\wp-content\plugins\woocommerce\includes\class-wc-ajax.php(179): apply_filters('woocommerce_add...', Array)
#3 C:\xampp\htdocs\wordpress\wp-includes\class-wp-hook.php(286): WC_AJAX::get_refreshed_fragments('')
#4 C:\xampp\htdocs\wordpress\wp-includes\class-wp-hook.php(310): WP_Hook->apply_filters('', Array)
#5 C:\xampp\htdocs\wordpress\wp-includes\plugin.php(465): WP_Hook->do_action(Array)
#6 C:\xampp\htdocs\wordpress\wp-content\plugins\woocommerce\includes\class-wc-ajax.php(79): do_action('wc_ajax_get_ref...')
#7 C:\xampp\htdocs\wordpress\wp-includes\class-wp-hook.php(286): WC_AJAX::do_wc_ajax('')
# in C:\xampp\htdocs\wordpress\wp-content\themes\ave\woocommerce\includes\wc-functions-cart.php on line 18

