2019-02-10T09:20:02+00:00 CRITICAL Uncaught Error: Call to a member function get_attributes() on null in C:\xampp\htdocs\wordpress\wp-content\themes\woocomerce.gitub.io\page.php:23
Stack trace:
#0 C:\xampp\htdocs\wordpress\wp-includes\template-loader.php(74): include()
#1 C:\xampp\htdocs\wordpress\wp-blog-header.php(19): require_once('C:\\xampp\\htdocs...')
#2 C:\xampp\htdocs\wordpress\index.php(17): require('C:\\xampp\\htdocs...')
#3 {main}
  thrown в C:\xampp\htdocs\wordpress\wp-content\themes\woocomerce.gitub.io\page.php на строке 23

2019-02-10T11:03:31+00:00 CRITICAL syntax error, unexpected '<', expecting end of file in C:\xampp\htdocs\wordpress\wp-content\themes\woocomerce.gitub.io\page.php on line 172

2019-02-10T11:04:17+00:00 CRITICAL syntax error, unexpected '<', expecting end of file in C:\xampp\htdocs\wordpress\wp-content\themes\woocomerce.gitub.io\page.php on line 152

2019-02-10T11:04:20+00:00 CRITICAL syntax error, unexpected '<', expecting end of file in C:\xampp\htdocs\wordpress\wp-content\themes\woocomerce.gitub.io\page.php on line 152

2019-02-10T11:04:28+00:00 CRITICAL Cannot redeclare wtcpl_plugin_scripts() (previously declared in C:\xampp\htdocs\wordpress\wp-content\plugins\woo-tabbed-category-product-listing\woo-tabbed-category-product-listing.php:304) in C:\xampp\htdocs\wordpress\wp-content\themes\woocomerce.gitub.io\page.php on line 20

2019-02-10T11:05:28+00:00 CRITICAL syntax error, unexpected '}', expecting end of file in C:\xampp\htdocs\wordpress\wp-content\themes\woocomerce.gitub.io\page.php on line 65

2019-02-10T11:05:53+00:00 CRITICAL syntax error, unexpected '}', expecting end of file in C:\xampp\htdocs\wordpress\wp-content\themes\woocomerce.gitub.io\page.php on line 74

2019-02-10T11:06:09+00:00 CRITICAL syntax error, unexpected 'else' (T_ELSE), expecting end of file in C:\xampp\htdocs\wordpress\wp-content\themes\woocomerce.gitub.io\page.php on line 74

2019-02-10T15:36:21+00:00 CRITICAL syntax error, unexpected '<', expecting end of file in C:\xampp\htdocs\wordpress\wp-content\themes\woocomerceTheme\archive-product.php on line 109

2019-02-10T15:36:27+00:00 CRITICAL syntax error, unexpected '<', expecting end of file in C:\xampp\htdocs\wordpress\wp-content\themes\woocomerceTheme\archive-product.php on line 109

2019-02-10T15:41:36+00:00 CRITICAL syntax error, unexpected end of file in C:\xampp\htdocs\wordpress\wp-content\themes\woocomerceTheme\archive-product.php on line 99

2019-02-10T15:55:35+00:00 CRITICAL syntax error, unexpected '<', expecting end of file in C:\xampp\htdocs\wordpress\wp-content\themes\woocomerceTheme\content-product.php on line 47

2019-02-10T15:55:54+00:00 CRITICAL syntax error, unexpected '<', expecting end of file in C:\xampp\htdocs\wordpress\wp-content\themes\woocomerceTheme\content-product.php on line 47

2019-02-10T19:01:28+00:00 CRITICAL syntax error, unexpected '<', expecting end of file in C:\xampp\htdocs\wordpress\wp-content\themes\woocomerceTheme\archive-product.php on line 29

2019-02-10T19:07:26+00:00 CRITICAL syntax error, unexpected '<', expecting end of file in C:\xampp\htdocs\wordpress\wp-content\themes\woocomerceTheme\archive-product.php on line 38

2019-02-10T19:10:59+00:00 CRITICAL syntax error, unexpected '<', expecting end of file in C:\xampp\htdocs\wordpress\wp-content\themes\woocomerceTheme\archive-product.php on line 29

2019-02-10T20:20:35+00:00 CRITICAL Maximum execution time of 30 seconds exceeded in C:\xampp\htdocs\wordpress\wp-includes\wp-db.php on line 1924

2019-02-10T20:20:42+00:00 CRITICAL syntax error, unexpected end of file in C:\xampp\htdocs\wordpress\wp-content\themes\woocomerceTheme\single-product.php on line 59

2019-02-10T20:24:28+00:00 CRITICAL syntax error, unexpected '<', expecting end of file in C:\xampp\htdocs\wordpress\wp-content\themes\woocomerceTheme\functions.php on line 216

2019-02-10T20:25:09+00:00 CRITICAL syntax error, unexpected '<', expecting end of file in C:\xampp\htdocs\wordpress\wp-content\themes\woocomerceTheme\functions.php on line 216

2019-02-10T20:32:20+00:00 CRITICAL syntax error, unexpected '<', expecting end of file in C:\xampp\htdocs\wordpress\wp-content\themes\woocomerceTheme\functions.php on line 218

2019-02-10T20:49:42+00:00 CRITICAL Uncaught Error: Call to undefined function remove__actions() in C:\xampp\htdocs\wordpress\wp-content\themes\woocomerceTheme\functions.php:217
Stack trace:
#0 C:\xampp\htdocs\wordpress\wp-settings.php(443): include()
#1 C:\xampp\htdocs\wordpress\wp-config.php(88): require_once('C:\\xampp\\htdocs...')
#2 C:\xampp\htdocs\wordpress\wp-load.php(37): require_once('C:\\xampp\\htdocs...')
#3 C:\xampp\htdocs\wordpress\wp-admin\admin-ajax.php(22): require_once('C:\\xampp\\htdocs...')
#4 {main}
  thrown in C:\xampp\htdocs\wordpress\wp-content\themes\woocomerceTheme\functions.php on line 217

2019-02-10T20:50:42+00:00 CRITICAL Uncaught Error: Call to undefined function remove_actions() in C:\xampp\htdocs\wordpress\wp-content\themes\woocomerceTheme\functions.php:217
Stack trace:
#0 C:\xampp\htdocs\wordpress\wp-settings.php(443): include()
#1 C:\xampp\htdocs\wordpress\wp-config.php(88): require_once('C:\\xampp\\htdocs...')
#2 C:\xampp\htdocs\wordpress\wp-load.php(37): require_once('C:\\xampp\\htdocs...')
#3 C:\xampp\htdocs\wordpress\wp-admin\admin-ajax.php(22): require_once('C:\\xampp\\htdocs...')
#4 {main}
  thrown in C:\xampp\htdocs\wordpress\wp-content\themes\woocomerceTheme\functions.php on line 217

2019-02-10T20:55:21+00:00 CRITICAL Uncaught Error: Call to undefined function remove_actions() in C:\xampp\htdocs\wordpress\wp-content\themes\woocomerceTheme\functions.php:217
Stack trace:
#0 C:\xampp\htdocs\wordpress\wp-settings.php(443): include()
#1 C:\xampp\htdocs\wordpress\wp-config.php(88): require_once('C:\\xampp\\htdocs...')
#2 C:\xampp\htdocs\wordpress\wp-load.php(37): require_once('C:\\xampp\\htdocs...')
#3 C:\xampp\htdocs\wordpress\wp-blog-header.php(13): require_once('C:\\xampp\\htdocs...')
#4 C:\xampp\htdocs\wordpress\index.php(17): require('C:\\xampp\\htdocs...')
#5 {main}
  thrown in C:\xampp\htdocs\wordpress\wp-content\themes\woocomerceTheme\functions.php on line 217

2019-02-10T20:55:42+00:00 CRITICAL Uncaught Error: Call to undefined function remove_actions() in C:\xampp\htdocs\wordpress\wp-content\themes\woocomerceTheme\functions.php:217
Stack trace:
#0 C:\xampp\htdocs\wordpress\wp-settings.php(443): include()
#1 C:\xampp\htdocs\wordpress\wp-config.php(88): require_once('C:\\xampp\\htdocs...')
#2 C:\xampp\htdocs\wordpress\wp-load.php(37): require_once('C:\\xampp\\htdocs...')
#3 C:\xampp\htdocs\wordpress\wp-blog-header.php(13): require_once('C:\\xampp\\htdocs...')
#4 C:\xampp\htdocs\wordpress\index.php(17): require('C:\\xampp\\htdocs...')
#5 {main}
  thrown in C:\xampp\htdocs\wordpress\wp-content\themes\woocomerceTheme\functions.php on line 217

2019-02-10T20:55:53+00:00 CRITICAL Uncaught Error: Call to undefined function remove_actions() in C:\xampp\htdocs\wordpress\wp-content\themes\woocomerceTheme\functions.php:217
Stack trace:
#0 C:\xampp\htdocs\wordpress\wp-settings.php(443): include()
#1 C:\xampp\htdocs\wordpress\wp-config.php(88): require_once('C:\\xampp\\htdocs...')
#2 C:\xampp\htdocs\wordpress\wp-load.php(37): require_once('C:\\xampp\\htdocs...')
#3 C:\xampp\htdocs\wordpress\wp-admin\admin-ajax.php(22): require_once('C:\\xampp\\htdocs...')
#4 {main}
  thrown in C:\xampp\htdocs\wordpress\wp-content\themes\woocomerceTheme\functions.php on line 217

2019-02-10T20:56:36+00:00 CRITICAL Uncaught Error: Call to undefined function remove_actions() in C:\xampp\htdocs\wordpress\wp-content\themes\woocomerceTheme\functions.php:217
Stack trace:
#0 C:\xampp\htdocs\wordpress\wp-settings.php(443): include()
#1 C:\xampp\htdocs\wordpress\wp-config.php(88): require_once('C:\\xampp\\htdocs...')
#2 C:\xampp\htdocs\wordpress\wp-load.php(37): require_once('C:\\xampp\\htdocs...')
#3 C:\xampp\htdocs\wordpress\wp-blog-header.php(13): require_once('C:\\xampp\\htdocs...')
#4 C:\xampp\htdocs\wordpress\index.php(17): require('C:\\xampp\\htdocs...')
#5 {main}
  thrown in C:\xampp\htdocs\wordpress\wp-content\themes\woocomerceTheme\functions.php on line 217

2019-02-10T20:56:40+00:00 CRITICAL Uncaught Error: Call to undefined function remove_actions() in C:\xampp\htdocs\wordpress\wp-content\themes\woocomerceTheme\functions.php:217
Stack trace:
#0 C:\xampp\htdocs\wordpress\wp-settings.php(443): include()
#1 C:\xampp\htdocs\wordpress\wp-config.php(88): require_once('C:\\xampp\\htdocs...')
#2 C:\xampp\htdocs\wordpress\wp-load.php(37): require_once('C:\\xampp\\htdocs...')
#3 C:\xampp\htdocs\wordpress\wp-blog-header.php(13): require_once('C:\\xampp\\htdocs...')
#4 C:\xampp\htdocs\wordpress\index.php(17): require('C:\\xampp\\htdocs...')
#5 {main}
  thrown in C:\xampp\htdocs\wordpress\wp-content\themes\woocomerceTheme\functions.php on line 217

2019-02-10T20:56:54+00:00 CRITICAL Uncaught Error: Call to undefined function remove_actions() in C:\xampp\htdocs\wordpress\wp-content\themes\woocomerceTheme\functions.php:217
Stack trace:
#0 C:\xampp\htdocs\wordpress\wp-settings.php(443): include()
#1 C:\xampp\htdocs\wordpress\wp-config.php(88): require_once('C:\\xampp\\htdocs...')
#2 C:\xampp\htdocs\wordpress\wp-load.php(37): require_once('C:\\xampp\\htdocs...')
#3 C:\xampp\htdocs\wordpress\wp-admin\admin-ajax.php(22): require_once('C:\\xampp\\htdocs...')
#4 {main}
  thrown in C:\xampp\htdocs\wordpress\wp-content\themes\woocomerceTheme\functions.php on line 217

