2019-04-03T06:45:46+00:00 CRITICAL Maximum execution time of 30 seconds exceeded in C:\xampp\htdocs\wordpress\wp-content\plugins\woocommerce\includes\admin\wc-meta-box-functions.php on line 10

2019-04-03T06:45:53+00:00 CRITICAL Maximum execution time of 30 seconds exceeded in C:\xampp\htdocs\wordpress\wp-content\plugins\wordpress-seo\admin\class-extensions.php on line 11

2019-04-03T11:12:12+00:00 CRITICAL Maximum execution time of 30 seconds exceeded in C:\xampp\htdocs\wordpress\wp-admin\includes\user.php on line 16

2019-04-03T11:52:18+00:00 CRITICAL Uncaught Error: Call to undefined function estore_entry_footer() in C:\xampp\htdocs\wordpress\wp-content\themes\Example woocomerce\template-parts\content-search.php:28
Stack trace:
#0 C:\xampp\htdocs\wordpress\wp-includes\template.php(706): require()
#1 C:\xampp\htdocs\wordpress\wp-includes\template.php(653): load_template('C:\\xampp\\htdocs...', false)
#2 C:\xampp\htdocs\wordpress\wp-includes\general-template.php(157): locate_template(Array, true, false)
#3 C:\xampp\htdocs\wordpress\wp-content\themes\Example woocomerce\search.php(33): get_template_part('template-parts/...', 'search')
#4 C:\xampp\htdocs\wordpress\wp-includes\template-loader.php(77): include('C:\\xampp\\htdocs...')
#5 C:\xampp\htdocs\wordpress\wp-blog-header.php(19): require_once('C:\\xampp\\htdocs...')
#6 C:\xampp\htdocs\wordpress\index.php(17): require('C:\\xampp\\htdocs...')
#7 {main}
  thrown in C:\xampp\htdocs\wordpress\wp-content\themes\Example woocomerce\template-parts\content-search.php on line 28

2019-04-03T11:52:28+00:00 CRITICAL Uncaught Error: Call to undefined function estore_entry_footer() in C:\xampp\htdocs\wordpress\wp-content\themes\Example woocomerce\template-parts\content-search.php:28
Stack trace:
#0 C:\xampp\htdocs\wordpress\wp-includes\template.php(706): require()
#1 C:\xampp\htdocs\wordpress\wp-includes\template.php(653): load_template('C:\\xampp\\htdocs...', false)
#2 C:\xampp\htdocs\wordpress\wp-includes\general-template.php(157): locate_template(Array, true, false)
#3 C:\xampp\htdocs\wordpress\wp-content\themes\Example woocomerce\search.php(33): get_template_part('template-parts/...', 'search')
#4 C:\xampp\htdocs\wordpress\wp-includes\template-loader.php(77): include('C:\\xampp\\htdocs...')
#5 C:\xampp\htdocs\wordpress\wp-blog-header.php(19): require_once('C:\\xampp\\htdocs...')
#6 C:\xampp\htdocs\wordpress\index.php(17): require('C:\\xampp\\htdocs...')
#7 {main}
  thrown in C:\xampp\htdocs\wordpress\wp-content\themes\Example woocomerce\template-parts\content-search.php on line 28

2019-04-03T13:22:07+00:00 CRITICAL syntax error, unexpected 'options_register_required_plug' (T_STRING), expecting '(' in C:\xampp\htdocs\wordpress\wp-content\themes\Example woocomerce\admin\tgm\tgm-init.php on line 8

2019-04-03T13:22:08+00:00 CRITICAL syntax error, unexpected 'options_register_required_plug' (T_STRING), expecting '(' in C:\xampp\htdocs\wordpress\wp-content\themes\Example woocomerce\admin\tgm\tgm-init.php on line 8

2019-04-03T14:11:55+00:00 CRITICAL Maximum execution time of 30 seconds exceeded in C:\xampp\htdocs\wordpress\wp-content\plugins\wordpress-seo\inc\options\class-wpseo-option-wpseo.php on line 11

2019-04-03T18:49:47+00:00 CRITICAL syntax error, unexpected 'array' (T_ARRAY), expecting ')' in C:\xampp\htdocs\wordpress\wp-content\themes\Example woocomerce\admin\options-init.php on line 154

